This file contains any messages produced by compilers while
running configure, to aid debugging if configure makes a mistake.

It was created by w3m configure 0.5.3, which was
generated by GNU Autoconf 2.67.  Invocation command line was

  $ ./configure 

## --------- ##
## Platform. ##
## --------- ##

hostname = manjaro
uname -m = x86_64
uname -r = 5.4.2-1-MANJARO
uname -s = Linux
uname -v = #1 SMP PREEMPT Thu Dec 5 09:55:57 UTC 2019

/usr/bin/uname -p = unknown
/bin/uname -X     = unknown

/bin/arch              = unknown
/usr/bin/arch -k       = unknown
/usr/convex/getsysinfo = unknown
/usr/bin/hostinfo      = unknown
/bin/machine           = unknown
/usr/bin/oslevel       = unknown
/bin/universe          = unknown

PATH: /opt/jdk1.8.0/bin
PATH: /home/kerr/.local/bin
PATH: /usr/local/bin
PATH: /usr/bin
PATH: /bin
PATH: /usr/local/sbin
PATH: /usr/bin/site_perl
PATH: /usr/bin/vendor_perl
PATH: /usr/bin/core_perl
PATH: /var/lib/snapd/snap/bin


## ----------- ##
## Core tests. ##
## ----------- ##

configure:2645: checking for g++
configure:2661: found /usr/bin/g++
configure:2672: result: g++
configure:2699: checking for C++ compiler version
configure:2708: g++ --version >&5
g++ (GCC) 9.2.0
Copyright (C) 2019 Free Software Foundation, Inc.
This is free software; see the source for copying conditions.  There is NO
warranty; not even for MERCHANTABILITY or FITNESS FOR A PARTICULAR PURPOSE.

configure:2719: $? = 0
configure:2708: g++ -v >&5
Using built-in specs.
COLLECT_GCC=g++
COLLECT_LTO_WRAPPER=/usr/lib/gcc/x86_64-pc-linux-gnu/9.2.0/lto-wrapper
Target: x86_64-pc-linux-gnu
Configured with: /build/gcc/src/gcc/configure --prefix=/usr --libdir=/usr/lib --libexecdir=/usr/lib --mandir=/usr/share/man --infodir=/usr/share/info --with-bugurl=https://bugs.archlinux.org/ --enable-languages=c,c++,ada,fortran,go,lto,objc,obj-c++,d --enable-shared --enable-threads=posix --with-system-zlib --with-isl --enable-__cxa_atexit --disable-libunwind-exceptions --enable-clocale=gnu --disable-libstdcxx-pch --disable-libssp --enable-gnu-unique-object --enable-linker-build-id --enable-lto --enable-plugin --enable-install-libiberty --with-linker-hash-style=gnu --enable-gnu-indirect-function --enable-multilib --disable-werror --enable-checking=release --enable-default-pie --enable-default-ssp --enable-cet=auto gdc_include_dir=/usr/include/dlang/gdc
Thread model: posix
gcc version 9.2.0 (GCC) 
configure:2719: $? = 0
configure:2708: g++ -V >&5
g++: error: unrecognized command line option '-V'
g++: fatal error: no input files
compilation terminated.
configure:2719: $? = 1
configure:2708: g++ -qversion >&5
g++: error: unrecognized command line option '-qversion'; did you mean '--version'?
g++: fatal error: no input files
compilation terminated.
configure:2719: $? = 1
configure:2739: checking whether the C++ compiler works
configure:2761: g++    conftest.cpp  >&5
configure:2765: $? = 0
configure:2813: result: yes
configure:2816: checking for C++ compiler default output file name
configure:2818: result: a.out
configure:2824: checking for suffix of executables
configure:2831: g++ -o conftest    conftest.cpp  >&5
configure:2835: $? = 0
configure:2857: result: 
configure:2879: checking whether we are cross compiling
configure:2887: g++ -o conftest    conftest.cpp  >&5
configure:2891: $? = 0
configure:2898: ./conftest
configure:2902: $? = 0
configure:2890: result: no
configure:2895: checking for suffix of object files
configure:2917: g++ -c   conftest.cpp >&5
configure:2921: $? = 0
configure:2942: result: o
configure:2946: checking whether we are using the GNU C++ compiler
configure:2965: g++ -c   conftest.cpp >&5
configure:2965: $? = 0
configure:2974: result: yes
configure:2983: checking whether g++ accepts -g
configure:3003: g++ -c -g  conftest.cpp >&5
configure:3003: $? = 0
configure:3044: result: yes
configure:3071: checking for gawk
configure:3087: found /usr/bin/gawk
configure:3098: result: gawk
configure:3157: checking for gcc
configure:3173: found /usr/bin/gcc
configure:3184: result: gcc
configure:3413: checking for C compiler version
configure:3422: gcc --version >&5
gcc (GCC) 9.2.0
Copyright (C) 2019 Free Software Foundation, Inc.
This is free software; see the source for copying conditions.  There is NO
warranty; not even for MERCHANTABILITY or FITNESS FOR A PARTICULAR PURPOSE.

configure:3433: $? = 0
configure:3422: gcc -v >&5
Using built-in specs.
COLLECT_GCC=gcc
COLLECT_LTO_WRAPPER=/usr/lib/gcc/x86_64-pc-linux-gnu/9.2.0/lto-wrapper
Target: x86_64-pc-linux-gnu
Configured with: /build/gcc/src/gcc/configure --prefix=/usr --libdir=/usr/lib --libexecdir=/usr/lib --mandir=/usr/share/man --infodir=/usr/share/info --with-bugurl=https://bugs.archlinux.org/ --enable-languages=c,c++,ada,fortran,go,lto,objc,obj-c++,d --enable-shared --enable-threads=posix --with-system-zlib --with-isl --enable-__cxa_atexit --disable-libunwind-exceptions --enable-clocale=gnu --disable-libstdcxx-pch --disable-libssp --enable-gnu-unique-object --enable-linker-build-id --enable-lto --enable-plugin --enable-install-libiberty --with-linker-hash-style=gnu --enable-gnu-indirect-function --enable-multilib --disable-werror --enable-checking=release --enable-default-pie --enable-default-ssp --enable-cet=auto gdc_include_dir=/usr/include/dlang/gdc
Thread model: posix
gcc version 9.2.0 (GCC) 
configure:3433: $? = 0
configure:3422: gcc -V >&5
gcc: error: unrecognized command line option '-V'
gcc: fatal error: no input files
compilation terminated.
configure:3433: $? = 1
configure:3422: gcc -qversion >&5
gcc: error: unrecognized command line option '-qversion'; did you mean '--version'?
gcc: fatal error: no input files
compilation terminated.
configure:3433: $? = 1
configure:3437: checking whether we are using the GNU C compiler
configure:3456: gcc -c   conftest.c >&5
configure:3456: $? = 0
configure:3465: result: yes
configure:3474: checking whether gcc accepts -g
configure:3494: gcc -c -g  conftest.c >&5
configure:3494: $? = 0
configure:3535: result: yes
configure:3552: checking for gcc option to accept ISO C89
configure:3616: gcc  -c -g -O2  conftest.c >&5
configure:3616: $? = 0
configure:3629: result: none needed
configure:3654: checking how to run the C preprocessor
configure:3685: gcc -E  conftest.c
configure:3685: $? = 0
configure:3699: gcc -E  conftest.c
conftest.c:12:10: fatal error: ac_nonexistent.h: No such file or directory
   12 | #include <ac_nonexistent.h>
      |          ^~~~~~~~~~~~~~~~~~
compilation terminated.
configure:3699: $? = 1
configure: failed program was:
| /* confdefs.h */
| #define PACKAGE_NAME "w3m"
| #define PACKAGE_TARNAME "w3m"
| #define PACKAGE_VERSION "0.5.3"
| #define PACKAGE_STRING "w3m 0.5.3"
| #define PACKAGE_BUGREPORT "satodai@w3m.jp"
| #define PACKAGE_URL ""
| #define PACKAGE "w3m"
| #define VERSION "0.5.3"
| #define W3M w3m
| /* end confdefs.h.  */
| #include <ac_nonexistent.h>
configure:3724: result: gcc -E
configure:3744: gcc -E  conftest.c
configure:3744: $? = 0
configure:3758: gcc -E  conftest.c
conftest.c:12:10: fatal error: ac_nonexistent.h: No such file or directory
   12 | #include <ac_nonexistent.h>
      |          ^~~~~~~~~~~~~~~~~~
compilation terminated.
configure:3758: $? = 1
configure: failed program was:
| /* confdefs.h */
| #define PACKAGE_NAME "w3m"
| #define PACKAGE_TARNAME "w3m"
| #define PACKAGE_VERSION "0.5.3"
| #define PACKAGE_STRING "w3m 0.5.3"
| #define PACKAGE_BUGREPORT "satodai@w3m.jp"
| #define PACKAGE_URL ""
| #define PACKAGE "w3m"
| #define VERSION "0.5.3"
| #define W3M w3m
| /* end confdefs.h.  */
| #include <ac_nonexistent.h>
configure:3829: checking for a BSD-compatible install
configure:3897: result: /usr/bin/install -c
configure:3908: checking whether ln -s works
configure:3912: result: yes
configure:3919: checking whether make sets $(MAKE)
configure:3941: result: yes
configure:3993: checking for ranlib
configure:4009: found /usr/bin/ranlib
configure:4020: result: ranlib
configure:4046: checking for perl
configure:4064: found /usr/bin/perl
configure:4076: result: /usr/bin/perl
configure:4092: checking for nkf
configure:4125: result: no
configure:4138: checking for man
configure:4156: found /usr/bin/man
configure:4168: result: /usr/bin/man
configure:4184: checking build system type
configure:4198: result: x86_64-pc-linux-gnu
configure:4218: checking host system type
configure:4231: result: x86_64-pc-linux-gnu
configure:4275: checking if m17n support is enabled
configure:4284: result: yes
configure:4302: checking if unicode support is enabled
configure:4311: result: yes
configure:4326: checking if message l10n
configure:4338: result: no
configure:4346: checking if japanese support is enabled
configure:4355: result: no
configure:4369: checking which charset is used for display
configure:4377: result: UTF-8
configure:4438: checking for a thread-safe mkdir -p
configure:4477: result: /usr/bin/mkdir -p
configure:4487: checking whether NLS is requested
configure:4496: result: yes
configure:4537: checking for msgfmt
configure: trying /usr/bin/msgfmt...
0 translated messages.
configure:4569: result: /usr/bin/msgfmt
configure:4578: checking for gmsgfmt
configure:4609: result: /usr/bin/msgfmt
configure:4660: checking for xgettext
configure: trying /usr/bin/xgettext...
/usr/bin/xgettext: warning: file '/dev/null' extension '' is unknown; will try C
configure:4692: result: /usr/bin/xgettext
configure:4738: checking for msgmerge
configure: trying /usr/bin/msgmerge...
configure:4769: result: /usr/bin/msgmerge
configure:4826: checking for ld used by GCC
configure:4890: result: /usr/bin/ld
configure:4897: checking if the linker (/usr/bin/ld) is GNU ld
configure:4910: result: yes
configure:4917: checking for shared library run path origin
configure:4930: result: done
configure:4951: checking for grep that handles long lines and -e
configure:5009: result: /usr/bin/grep
configure:5014: checking for egrep
configure:5076: result: /usr/bin/grep -E
configure:5634: checking for CFPreferencesCopyAppValue
configure:5652: gcc -o conftest -g -O2 -I$(srcdir)/libwc   conftest.c  -Wl,-framework -Wl,CoreFoundation >&5
conftest.c:21:10: fatal error: CoreFoundation/CFPreferences.h: No such file or directory
   21 | #include <CoreFoundation/CFPreferences.h>
      |          ^~~~~~~~~~~~~~~~~~~~~~~~~~~~~~~~
compilation terminated.
configure:5652: $? = 1
configure: failed program was:
| /* confdefs.h */
| #define PACKAGE_NAME "w3m"
| #define PACKAGE_TARNAME "w3m"
| #define PACKAGE_VERSION "0.5.3"
| #define PACKAGE_STRING "w3m 0.5.3"
| #define PACKAGE_BUGREPORT "satodai@w3m.jp"
| #define PACKAGE_URL ""
| #define PACKAGE "w3m"
| #define VERSION "0.5.3"
| #define W3M w3m
| #define W3M_TARGET 
| #define USE_M17N 1
| #define USE_UNICODE 1
| #define W3M_LANG EN
| #define WCTARGET "libwc/libwc.a"
| #define WCCFLAGS "-DUSE_UNICODE -I$(srcdir) -I$(srcdir)/.."
| #define DISPLAY_CHARSET WC_CES_UTF_8
| #define SYSTEM_CHARSET WC_CES_UTF_8
| #define DOCUMENT_CHARSET WC_CES_UTF_8
| /* end confdefs.h.  */
| #include <CoreFoundation/CFPreferences.h>
| int
| main ()
| {
| CFPreferencesCopyAppValue(NULL, NULL)
|   ;
|   return 0;
| }
configure:5661: result: no
configure:5668: checking for CFLocaleCopyCurrent
configure:5686: gcc -o conftest -g -O2 -I$(srcdir)/libwc   conftest.c  -Wl,-framework -Wl,CoreFoundation >&5
conftest.c:21:10: fatal error: CoreFoundation/CFLocale.h: No such file or directory
   21 | #include <CoreFoundation/CFLocale.h>
      |          ^~~~~~~~~~~~~~~~~~~~~~~~~~~
compilation terminated.
configure:5686: $? = 1
configure: failed program was:
| /* confdefs.h */
| #define PACKAGE_NAME "w3m"
| #define PACKAGE_TARNAME "w3m"
| #define PACKAGE_VERSION "0.5.3"
| #define PACKAGE_STRING "w3m 0.5.3"
| #define PACKAGE_BUGREPORT "satodai@w3m.jp"
| #define PACKAGE_URL ""
| #define PACKAGE "w3m"
| #define VERSION "0.5.3"
| #define W3M w3m
| #define W3M_TARGET 
| #define USE_M17N 1
| #define USE_UNICODE 1
| #define W3M_LANG EN
| #define WCTARGET "libwc/libwc.a"
| #define WCCFLAGS "-DUSE_UNICODE -I$(srcdir) -I$(srcdir)/.."
| #define DISPLAY_CHARSET WC_CES_UTF_8
| #define SYSTEM_CHARSET WC_CES_UTF_8
| #define DOCUMENT_CHARSET WC_CES_UTF_8
| /* end confdefs.h.  */
| #include <CoreFoundation/CFLocale.h>
| int
| main ()
| {
| CFLocaleCopyCurrent();
|   ;
|   return 0;
| }
configure:5695: result: no
configure:5744: checking for GNU gettext in libc
configure:5764: gcc -o conftest -g -O2 -I$(srcdir)/libwc   conftest.c  >&5
configure:5764: $? = 0
configure:5773: result: yes
configure:6564: checking whether to use NLS
configure:6566: result: yes
configure:6569: checking where the gettext function comes from
configure:6580: result: libc
configure:6647: checking if color escape sequence for kterm/pxvt is enabled
configure:6658: result: yes
configure:6661: checking if ansi color escape sequence support is enabled
configure:6672: result: yes
configure:6675: checking if background color support is enabled
configure:6686: result: yes
configure:6711: checking if image is enabled
configure:6720: result: yes
configure:6754: checking image library
configure:6767: result: gtk2 gdk-pixbuf imlib imlib2
configure:6806: checking GdkPixbuf version
configure:6808: result: 2.40.0
configure:6863: WARNING: Imlib is not installed.  Install Imlib (version >= 1.9.8)
configure:6871: checking Imlib2 version
configure:6873: result: 1.6.0
configure:7001: checking if xface is enabled
configure:7012: result: yes
configure:7016: checking for uncompface
configure:7044: result: no
configure:7052: WARNING: uncompface is not installed.
configure:7058: checking default keymap
configure:7067: result: w3m
configure:7089: checking if popup menu is enabled
configure:7100: result: yes
configure:7103: checking if mouse operation enabled
configure:7114: result: yes
configure:7117: checking if URL history is enabled
configure:7128: result: yes
configure:7131: checking if alarm is enabled
configure:7140: result: yes
configure:7156: gcc -c -g -O2 -I$(srcdir)/libwc  conftest.c >&5
configure:7156: $? = 0
configure:7164: checking if cookie is enabled
configure:7175: result: yes
configure:7178: checking if nntp is enabled
configure:7189: result: yes
configure:7192: checking if gopher is enabled
configure:7203: result: no
configure:7207: checking if dictionary lookup is enabled
configure:7218: result: yes
configure:7221: checking if help cgi is enabled
configure:7232: result: yes
configure:7235: checking if external URI loader is enabled
configure:7246: result: yes
configure:7249: checking if w3mmail is used
configure:7261: result: yes
configure:7266: checking if migemo is supported with
configure:7278: result: migemo -t egrep /usr/local/share/migemo/migemo-dict
configure:7286: checking which editor is used by default
configure:7294: result: /usr/bin/vi
configure:7302: checking which mailer is used by default
configure:7310: result: /usr/bin/mail
configure:7318: checking which external browser is used by default
configure:7326: result: /usr/bin/firefox
configure:7336: checking for -lbsd
configure:7347: result: found at /lib
configure:7336: checking for -lBSD
configure:7347: result: not found
configure:7336: checking for -l44bsd
configure:7347: result: not found
configure:7336: checking for -lsocket
configure:7347: result: not found
configure:7336: checking for -lnsl
configure:7347: result: found at /lib
configure:7336: checking for -ldld
configure:7347: result: not found
configure:7336: checking for -ldl
configure:7347: result: found at /lib
configure:7351: checking if IPv6 support is enabled
configure:7360: result: yes
configure:7364: checking if IPv6 API available
configure:7367: checking for getaddrinfo
configure:7367: gcc -o conftest -g -O2 -I$(srcdir)/libwc   conftest.c  -lbsd -lnsl -ldl >&5
configure:7367: $? = 0
configure:7367: result: yes
configure:7433: checking if struct sockaddr_storage has an ss_family member
configure:7452: gcc -c -g -O2 -I$(srcdir)/libwc  conftest.c >&5
configure:7452: $? = 0
configure:7453: result: yes
configure:7548: checking for pkg-config
configure:7566: found /usr/bin/pkg-config
configure:7578: result: /usr/bin/pkg-config
configure:7603: checking pkg-config is at least version 0.9.0
configure:7606: result: yes
configure:7616: checking if SSL is suported
configure:7626: result: yes
configure:7631: checking for SSL
configure:7638: $PKG_CONFIG --exists --print-errors "openssl"
configure:7641: $? = 0
configure:7654: $PKG_CONFIG --exists --print-errors "openssl"
configure:7657: $? = 0
configure:7734: result: yes
configure:7738: checking for SSL_new in -lssl
configure:7763: gcc -o conftest -g -O2 -I$(srcdir)/libwc   conftest.c -lssl -lssl -lcrypto  -lcrypto  -lbsd -lnsl -ldl >&5
configure:7763: $? = 0
configure:7772: result: yes
configure:7784: checking if SSL certificate verify is enabled
configure:7795: result: yes
configure:7800: checking if digest auth is enabled
configure:7815: result: yes
configure:7819: checking for sqrt
configure:7819: gcc -o conftest -g -O2 -I$(srcdir)/libwc    conftest.c  -lbsd -lnsl -ldl >&5
conftest.c:88:6: warning: conflicting types for built-in function 'sqrt'; expected 'double(double)' [-Wbuiltin-declaration-mismatch]
   88 | char sqrt ();
      |      ^~~~
conftest.c:76:1: note: 'sqrt' is declared in header '<math.h>'
   75 | # include <limits.h>
   76 | #else
/usr/bin/ld: /tmp/ccVCZ3o9.o: in function `main':
/home/kerr/Github/w3m-master/conftest.c:99: undefined reference to `sqrt'
collect2: error: ld returned 1 exit status
configure:7819: $? = 1
configure: failed program was:
| /* confdefs.h */
| #define PACKAGE_NAME "w3m"
| #define PACKAGE_TARNAME "w3m"
| #define PACKAGE_VERSION "0.5.3"
| #define PACKAGE_STRING "w3m 0.5.3"
| #define PACKAGE_BUGREPORT "satodai@w3m.jp"
| #define PACKAGE_URL ""
| #define PACKAGE "w3m"
| #define VERSION "0.5.3"
| #define W3M w3m
| #define W3M_TARGET 
| #define USE_M17N 1
| #define USE_UNICODE 1
| #define W3M_LANG EN
| #define WCTARGET "libwc/libwc.a"
| #define WCCFLAGS "-DUSE_UNICODE -I$(srcdir) -I$(srcdir)/.."
| #define DISPLAY_CHARSET WC_CES_UTF_8
| #define SYSTEM_CHARSET WC_CES_UTF_8
| #define DOCUMENT_CHARSET WC_CES_UTF_8
| #define ENABLE_NLS 1
| #define HAVE_GETTEXT 1
| #define HAVE_DCGETTEXT 1
| #define USE_COLOR 1
| #define USE_ANSI_COLOR 1
| #define USE_BG_COLOR 1
| #define INSTALL_W3MIMGDISPLAY $INSTALL_W3MIMGDISPLAY
| #define USE_IMAGE 1
| #define USE_W3MIMG_X11 1
| #define USE_GDKPIXBUF 1
| #define USE_GTK2 1
| #define USE_W3MIMG_FB 1
| #define USE_GDKPIXBUF 1
| #define USE_GTK2 1
| #define IMGTARGETS "$IMGTARGETS"
| #define IMGOBJS "$IMGOBJS"
| #define IMGX11CFLAGS "$IMGX11CFLAGS"
| #define IMGX11LDFLAGS "$IMGX11LDFLAGS"
| #define IMGFBCFLAGS "$IMGFBCFLAGS"
| #define IMGFBLDFLAGS "$IMGFBLDFLAGS"
| #define IMGLINK "$IMGLINK"
| #define IMGWINCFLAGS "$IMGWINCFLAGS"
| #define IMGWINLDFLAGS "$IMGWINLDFLAGS"
| #define USE_XFACE 1
| #define HELP_FILE "w3mhelp-w3m_en.html"
| #define KEYBIND w3m
| #define USE_MENU 1
| #define USE_MOUSE 1
| #define USE_HISTORY 1
| #define USE_ALARM 1
| #define USE_COOKIE 1
| #define USE_NNTP 1
| #define USE_DICT 1
| #define USE_HELP_CGI 1
| #define USE_EXTERNAL_URI_LOADER 1
| #define USE_W3MMAILER 1
| #define DEF_MIGEMO_COMMAND "migemo -t egrep /usr/local/share/migemo/migemo-dict"
| #define DEF_EDITOR "/usr/bin/vi"
| #define DEF_MAILER "/usr/bin/mail"
| #define DEF_EXT_BROWSER "/usr/bin/firefox"
| #define INET6 1
| #define USE_SSL 1
| #define USE_SSL_VERIFY 1
| #define USE_DIGEST_AUTH 1
| /* end confdefs.h.  */
| /* Define sqrt to an innocuous variant, in case <limits.h> declares sqrt.
|    For example, HP-UX 11i <limits.h> declares gettimeofday.  */
| #define sqrt innocuous_sqrt
| 
| /* System header to define __stub macros and hopefully few prototypes,
|     which can conflict with char sqrt (); below.
|     Prefer <limits.h> to <assert.h> if __STDC__ is defined, since
|     <limits.h> exists even on freestanding compilers.  */
| 
| #ifdef __STDC__
| # include <limits.h>
| #else
| # include <assert.h>
| #endif
| 
| #undef sqrt
| 
| /* Override any GCC internal prototype to avoid an error.
|    Use char because int might match the return type of a GCC
|    builtin and then its argument prototype would still apply.  */
| #ifdef __cplusplus
| extern "C"
| #endif
| char sqrt ();
| /* The GNU C library defines this for functions which it implements
|     to always fail with ENOSYS.  Some functions are actually named
|     something starting with __ and the normal name is an alias.  */
| #if defined __stub_sqrt || defined __stub___sqrt
| choke me
| #endif
| 
| int
| main ()
| {
| return sqrt ();
|   ;
|   return 0;
| }
configure:7819: result: no
configure:7823: checking for sqrt in -lm
configure:7848: gcc -o conftest -g -O2 -I$(srcdir)/libwc    conftest.c -lm   -lbsd -lnsl -ldl >&5
conftest.c:72:6: warning: conflicting types for built-in function 'sqrt'; expected 'double(double)' [-Wbuiltin-declaration-mismatch]
   72 | char sqrt ();
      |      ^~~~
conftest.c:1:1: note: 'sqrt' is declared in header '<math.h>'
    1 | /* confdefs.h */
configure:7848: $? = 0
configure:7857: result: yes
configure:7872: checking for Gpm_Open in -lgpm
configure:7897: gcc -o conftest -g -O2 -I$(srcdir)/libwc    conftest.c -lgpm  -lm  -lbsd -lnsl -ldl >&5
configure:7897: $? = 0
configure:7906: result: yes
configure:7920: gcc -E  conftest.c
conftest.c:67:10: fatal error: sys/consio.h: No such file or directory
   67 | #include <sys/consio.h>
      |          ^~~~~~~~~~~~~~
compilation terminated.
configure:7920: $? = 1
configure: failed program was:
| /* confdefs.h */
| #define PACKAGE_NAME "w3m"
| #define PACKAGE_TARNAME "w3m"
| #define PACKAGE_VERSION "0.5.3"
| #define PACKAGE_STRING "w3m 0.5.3"
| #define PACKAGE_BUGREPORT "satodai@w3m.jp"
| #define PACKAGE_URL ""
| #define PACKAGE "w3m"
| #define VERSION "0.5.3"
| #define W3M w3m
| #define W3M_TARGET 
| #define USE_M17N 1
| #define USE_UNICODE 1
| #define W3M_LANG EN
| #define WCTARGET "libwc/libwc.a"
| #define WCCFLAGS "-DUSE_UNICODE -I$(srcdir) -I$(srcdir)/.."
| #define DISPLAY_CHARSET WC_CES_UTF_8
| #define SYSTEM_CHARSET WC_CES_UTF_8
| #define DOCUMENT_CHARSET WC_CES_UTF_8
| #define ENABLE_NLS 1
| #define HAVE_GETTEXT 1
| #define HAVE_DCGETTEXT 1
| #define USE_COLOR 1
| #define USE_ANSI_COLOR 1
| #define USE_BG_COLOR 1
| #define INSTALL_W3MIMGDISPLAY $INSTALL_W3MIMGDISPLAY
| #define USE_IMAGE 1
| #define USE_W3MIMG_X11 1
| #define USE_GDKPIXBUF 1
| #define USE_GTK2 1
| #define USE_W3MIMG_FB 1
| #define USE_GDKPIXBUF 1
| #define USE_GTK2 1
| #define IMGTARGETS "$IMGTARGETS"
| #define IMGOBJS "$IMGOBJS"
| #define IMGX11CFLAGS "$IMGX11CFLAGS"
| #define IMGX11LDFLAGS "$IMGX11LDFLAGS"
| #define IMGFBCFLAGS "$IMGFBCFLAGS"
| #define IMGFBLDFLAGS "$IMGFBLDFLAGS"
| #define IMGLINK "$IMGLINK"
| #define IMGWINCFLAGS "$IMGWINCFLAGS"
| #define IMGWINLDFLAGS "$IMGWINLDFLAGS"
| #define USE_XFACE 1
| #define HELP_FILE "w3mhelp-w3m_en.html"
| #define KEYBIND w3m
| #define USE_MENU 1
| #define USE_MOUSE 1
| #define USE_HISTORY 1
| #define USE_ALARM 1
| #define USE_COOKIE 1
| #define USE_NNTP 1
| #define USE_DICT 1
| #define USE_HELP_CGI 1
| #define USE_EXTERNAL_URI_LOADER 1
| #define USE_W3MMAILER 1
| #define DEF_MIGEMO_COMMAND "migemo -t egrep /usr/local/share/migemo/migemo-dict"
| #define DEF_EDITOR "/usr/bin/vi"
| #define DEF_MAILER "/usr/bin/mail"
| #define DEF_EXT_BROWSER "/usr/bin/firefox"
| #define INET6 1
| #define USE_SSL 1
| #define USE_SSL_VERIFY 1
| #define USE_DIGEST_AUTH 1
| #define HAVE_LIBM 1
| #define USE_GPM 1
| /* end confdefs.h.  */
| #include <sys/consio.h>
|    MOUSE_GETINFO
configure:7929: gcc -E  conftest.c
conftest.c:67:10: fatal error: machine/console.h: No such file or directory
   67 | #include <machine/console.h>
      |          ^~~~~~~~~~~~~~~~~~~
compilation terminated.
configure:7929: $? = 1
configure: failed program was:
| /* confdefs.h */
| #define PACKAGE_NAME "w3m"
| #define PACKAGE_TARNAME "w3m"
| #define PACKAGE_VERSION "0.5.3"
| #define PACKAGE_STRING "w3m 0.5.3"
| #define PACKAGE_BUGREPORT "satodai@w3m.jp"
| #define PACKAGE_URL ""
| #define PACKAGE "w3m"
| #define VERSION "0.5.3"
| #define W3M w3m
| #define W3M_TARGET 
| #define USE_M17N 1
| #define USE_UNICODE 1
| #define W3M_LANG EN
| #define WCTARGET "libwc/libwc.a"
| #define WCCFLAGS "-DUSE_UNICODE -I$(srcdir) -I$(srcdir)/.."
| #define DISPLAY_CHARSET WC_CES_UTF_8
| #define SYSTEM_CHARSET WC_CES_UTF_8
| #define DOCUMENT_CHARSET WC_CES_UTF_8
| #define ENABLE_NLS 1
| #define HAVE_GETTEXT 1
| #define HAVE_DCGETTEXT 1
| #define USE_COLOR 1
| #define USE_ANSI_COLOR 1
| #define USE_BG_COLOR 1
| #define INSTALL_W3MIMGDISPLAY $INSTALL_W3MIMGDISPLAY
| #define USE_IMAGE 1
| #define USE_W3MIMG_X11 1
| #define USE_GDKPIXBUF 1
| #define USE_GTK2 1
| #define USE_W3MIMG_FB 1
| #define USE_GDKPIXBUF 1
| #define USE_GTK2 1
| #define IMGTARGETS "$IMGTARGETS"
| #define IMGOBJS "$IMGOBJS"
| #define IMGX11CFLAGS "$IMGX11CFLAGS"
| #define IMGX11LDFLAGS "$IMGX11LDFLAGS"
| #define IMGFBCFLAGS "$IMGFBCFLAGS"
| #define IMGFBLDFLAGS "$IMGFBLDFLAGS"
| #define IMGLINK "$IMGLINK"
| #define IMGWINCFLAGS "$IMGWINCFLAGS"
| #define IMGWINLDFLAGS "$IMGWINLDFLAGS"
| #define USE_XFACE 1
| #define HELP_FILE "w3mhelp-w3m_en.html"
| #define KEYBIND w3m
| #define USE_MENU 1
| #define USE_MOUSE 1
| #define USE_HISTORY 1
| #define USE_ALARM 1
| #define USE_COOKIE 1
| #define USE_NNTP 1
| #define USE_DICT 1
| #define USE_HELP_CGI 1
| #define USE_EXTERNAL_URI_LOADER 1
| #define USE_W3MMAILER 1
| #define DEF_MIGEMO_COMMAND "migemo -t egrep /usr/local/share/migemo/migemo-dict"
| #define DEF_EDITOR "/usr/bin/vi"
| #define DEF_MAILER "/usr/bin/mail"
| #define DEF_EXT_BROWSER "/usr/bin/firefox"
| #define INET6 1
| #define USE_SSL 1
| #define USE_SSL_VERIFY 1
| #define USE_DIGEST_AUTH 1
| #define HAVE_LIBM 1
| #define USE_GPM 1
| /* end confdefs.h.  */
| #include <machine/console.h>
|       MOUSE_GETINFO
configure:7938: checking terminal library
configure:7948: result: yes
configure:7953: checking for tgetent in -lterminfo
configure:7978: gcc -o conftest -g -O2 -I$(srcdir)/libwc    conftest.c -lterminfo  -lm  -lbsd -lnsl -ldl >&5
/usr/bin/ld: cannot find -lterminfo
collect2: error: ld returned 1 exit status
configure:7978: $? = 1
configure: failed program was:
| /* confdefs.h */
| #define PACKAGE_NAME "w3m"
| #define PACKAGE_TARNAME "w3m"
| #define PACKAGE_VERSION "0.5.3"
| #define PACKAGE_STRING "w3m 0.5.3"
| #define PACKAGE_BUGREPORT "satodai@w3m.jp"
| #define PACKAGE_URL ""
| #define PACKAGE "w3m"
| #define VERSION "0.5.3"
| #define W3M w3m
| #define W3M_TARGET 
| #define USE_M17N 1
| #define USE_UNICODE 1
| #define W3M_LANG EN
| #define WCTARGET "libwc/libwc.a"
| #define WCCFLAGS "-DUSE_UNICODE -I$(srcdir) -I$(srcdir)/.."
| #define DISPLAY_CHARSET WC_CES_UTF_8
| #define SYSTEM_CHARSET WC_CES_UTF_8
| #define DOCUMENT_CHARSET WC_CES_UTF_8
| #define ENABLE_NLS 1
| #define HAVE_GETTEXT 1
| #define HAVE_DCGETTEXT 1
| #define USE_COLOR 1
| #define USE_ANSI_COLOR 1
| #define USE_BG_COLOR 1
| #define INSTALL_W3MIMGDISPLAY $INSTALL_W3MIMGDISPLAY
| #define USE_IMAGE 1
| #define USE_W3MIMG_X11 1
| #define USE_GDKPIXBUF 1
| #define USE_GTK2 1
| #define USE_W3MIMG_FB 1
| #define USE_GDKPIXBUF 1
| #define USE_GTK2 1
| #define IMGTARGETS "$IMGTARGETS"
| #define IMGOBJS "$IMGOBJS"
| #define IMGX11CFLAGS "$IMGX11CFLAGS"
| #define IMGX11LDFLAGS "$IMGX11LDFLAGS"
| #define IMGFBCFLAGS "$IMGFBCFLAGS"
| #define IMGFBLDFLAGS "$IMGFBLDFLAGS"
| #define IMGLINK "$IMGLINK"
| #define IMGWINCFLAGS "$IMGWINCFLAGS"
| #define IMGWINLDFLAGS "$IMGWINLDFLAGS"
| #define USE_XFACE 1
| #define HELP_FILE "w3mhelp-w3m_en.html"
| #define KEYBIND w3m
| #define USE_MENU 1
| #define USE_MOUSE 1
| #define USE_HISTORY 1
| #define USE_ALARM 1
| #define USE_COOKIE 1
| #define USE_NNTP 1
| #define USE_DICT 1
| #define USE_HELP_CGI 1
| #define USE_EXTERNAL_URI_LOADER 1
| #define USE_W3MMAILER 1
| #define DEF_MIGEMO_COMMAND "migemo -t egrep /usr/local/share/migemo/migemo-dict"
| #define DEF_EDITOR "/usr/bin/vi"
| #define DEF_MAILER "/usr/bin/mail"
| #define DEF_EXT_BROWSER "/usr/bin/firefox"
| #define INET6 1
| #define USE_SSL 1
| #define USE_SSL_VERIFY 1
| #define USE_DIGEST_AUTH 1
| #define HAVE_LIBM 1
| #define USE_GPM 1
| /* end confdefs.h.  */
| 
| /* Override any GCC internal prototype to avoid an error.
|    Use char because int might match the return type of a GCC
|    builtin and then its argument prototype would still apply.  */
| #ifdef __cplusplus
| extern "C"
| #endif
| char tgetent ();
| int
| main ()
| {
| return tgetent ();
|   ;
|   return 0;
| }
configure:7988: result: no
configure:7953: checking for tgetent in -lmytinfo
configure:7978: gcc -o conftest -g -O2 -I$(srcdir)/libwc    conftest.c -lmytinfo  -lm  -lbsd -lnsl -ldl >&5
/usr/bin/ld: cannot find -lmytinfo
collect2: error: ld returned 1 exit status
configure:7978: $? = 1
configure: failed program was:
| /* confdefs.h */
| #define PACKAGE_NAME "w3m"
| #define PACKAGE_TARNAME "w3m"
| #define PACKAGE_VERSION "0.5.3"
| #define PACKAGE_STRING "w3m 0.5.3"
| #define PACKAGE_BUGREPORT "satodai@w3m.jp"
| #define PACKAGE_URL ""
| #define PACKAGE "w3m"
| #define VERSION "0.5.3"
| #define W3M w3m
| #define W3M_TARGET 
| #define USE_M17N 1
| #define USE_UNICODE 1
| #define W3M_LANG EN
| #define WCTARGET "libwc/libwc.a"
| #define WCCFLAGS "-DUSE_UNICODE -I$(srcdir) -I$(srcdir)/.."
| #define DISPLAY_CHARSET WC_CES_UTF_8
| #define SYSTEM_CHARSET WC_CES_UTF_8
| #define DOCUMENT_CHARSET WC_CES_UTF_8
| #define ENABLE_NLS 1
| #define HAVE_GETTEXT 1
| #define HAVE_DCGETTEXT 1
| #define USE_COLOR 1
| #define USE_ANSI_COLOR 1
| #define USE_BG_COLOR 1
| #define INSTALL_W3MIMGDISPLAY $INSTALL_W3MIMGDISPLAY
| #define USE_IMAGE 1
| #define USE_W3MIMG_X11 1
| #define USE_GDKPIXBUF 1
| #define USE_GTK2 1
| #define USE_W3MIMG_FB 1
| #define USE_GDKPIXBUF 1
| #define USE_GTK2 1
| #define IMGTARGETS "$IMGTARGETS"
| #define IMGOBJS "$IMGOBJS"
| #define IMGX11CFLAGS "$IMGX11CFLAGS"
| #define IMGX11LDFLAGS "$IMGX11LDFLAGS"
| #define IMGFBCFLAGS "$IMGFBCFLAGS"
| #define IMGFBLDFLAGS "$IMGFBLDFLAGS"
| #define IMGLINK "$IMGLINK"
| #define IMGWINCFLAGS "$IMGWINCFLAGS"
| #define IMGWINLDFLAGS "$IMGWINLDFLAGS"
| #define USE_XFACE 1
| #define HELP_FILE "w3mhelp-w3m_en.html"
| #define KEYBIND w3m
| #define USE_MENU 1
| #define USE_MOUSE 1
| #define USE_HISTORY 1
| #define USE_ALARM 1
| #define USE_COOKIE 1
| #define USE_NNTP 1
| #define USE_DICT 1
| #define USE_HELP_CGI 1
| #define USE_EXTERNAL_URI_LOADER 1
| #define USE_W3MMAILER 1
| #define DEF_MIGEMO_COMMAND "migemo -t egrep /usr/local/share/migemo/migemo-dict"
| #define DEF_EDITOR "/usr/bin/vi"
| #define DEF_MAILER "/usr/bin/mail"
| #define DEF_EXT_BROWSER "/usr/bin/firefox"
| #define INET6 1
| #define USE_SSL 1
| #define USE_SSL_VERIFY 1
| #define USE_DIGEST_AUTH 1
| #define HAVE_LIBM 1
| #define USE_GPM 1
| /* end confdefs.h.  */
| 
| /* Override any GCC internal prototype to avoid an error.
|    Use char because int might match the return type of a GCC
|    builtin and then its argument prototype would still apply.  */
| #ifdef __cplusplus
| extern "C"
| #endif
| char tgetent ();
| int
| main ()
| {
| return tgetent ();
|   ;
|   return 0;
| }
configure:7988: result: no
configure:7953: checking for tgetent in -ltermlib
configure:7978: gcc -o conftest -g -O2 -I$(srcdir)/libwc    conftest.c -ltermlib  -lm  -lbsd -lnsl -ldl >&5
/usr/bin/ld: cannot find -ltermlib
collect2: error: ld returned 1 exit status
configure:7978: $? = 1
configure: failed program was:
| /* confdefs.h */
| #define PACKAGE_NAME "w3m"
| #define PACKAGE_TARNAME "w3m"
| #define PACKAGE_VERSION "0.5.3"
| #define PACKAGE_STRING "w3m 0.5.3"
| #define PACKAGE_BUGREPORT "satodai@w3m.jp"
| #define PACKAGE_URL ""
| #define PACKAGE "w3m"
| #define VERSION "0.5.3"
| #define W3M w3m
| #define W3M_TARGET 
| #define USE_M17N 1
| #define USE_UNICODE 1
| #define W3M_LANG EN
| #define WCTARGET "libwc/libwc.a"
| #define WCCFLAGS "-DUSE_UNICODE -I$(srcdir) -I$(srcdir)/.."
| #define DISPLAY_CHARSET WC_CES_UTF_8
| #define SYSTEM_CHARSET WC_CES_UTF_8
| #define DOCUMENT_CHARSET WC_CES_UTF_8
| #define ENABLE_NLS 1
| #define HAVE_GETTEXT 1
| #define HAVE_DCGETTEXT 1
| #define USE_COLOR 1
| #define USE_ANSI_COLOR 1
| #define USE_BG_COLOR 1
| #define INSTALL_W3MIMGDISPLAY $INSTALL_W3MIMGDISPLAY
| #define USE_IMAGE 1
| #define USE_W3MIMG_X11 1
| #define USE_GDKPIXBUF 1
| #define USE_GTK2 1
| #define USE_W3MIMG_FB 1
| #define USE_GDKPIXBUF 1
| #define USE_GTK2 1
| #define IMGTARGETS "$IMGTARGETS"
| #define IMGOBJS "$IMGOBJS"
| #define IMGX11CFLAGS "$IMGX11CFLAGS"
| #define IMGX11LDFLAGS "$IMGX11LDFLAGS"
| #define IMGFBCFLAGS "$IMGFBCFLAGS"
| #define IMGFBLDFLAGS "$IMGFBLDFLAGS"
| #define IMGLINK "$IMGLINK"
| #define IMGWINCFLAGS "$IMGWINCFLAGS"
| #define IMGWINLDFLAGS "$IMGWINLDFLAGS"
| #define USE_XFACE 1
| #define HELP_FILE "w3mhelp-w3m_en.html"
| #define KEYBIND w3m
| #define USE_MENU 1
| #define USE_MOUSE 1
| #define USE_HISTORY 1
| #define USE_ALARM 1
| #define USE_COOKIE 1
| #define USE_NNTP 1
| #define USE_DICT 1
| #define USE_HELP_CGI 1
| #define USE_EXTERNAL_URI_LOADER 1
| #define USE_W3MMAILER 1
| #define DEF_MIGEMO_COMMAND "migemo -t egrep /usr/local/share/migemo/migemo-dict"
| #define DEF_EDITOR "/usr/bin/vi"
| #define DEF_MAILER "/usr/bin/mail"
| #define DEF_EXT_BROWSER "/usr/bin/firefox"
| #define INET6 1
| #define USE_SSL 1
| #define USE_SSL_VERIFY 1
| #define USE_DIGEST_AUTH 1
| #define HAVE_LIBM 1
| #define USE_GPM 1
| /* end confdefs.h.  */
| 
| /* Override any GCC internal prototype to avoid an error.
|    Use char because int might match the return type of a GCC
|    builtin and then its argument prototype would still apply.  */
| #ifdef __cplusplus
| extern "C"
| #endif
| char tgetent ();
| int
| main ()
| {
| return tgetent ();
|   ;
|   return 0;
| }
configure:7988: result: no
configure:7953: checking for tgetent in -ltermcap
configure:7978: gcc -o conftest -g -O2 -I$(srcdir)/libwc    conftest.c -ltermcap  -lm  -lbsd -lnsl -ldl >&5
/usr/bin/ld: cannot find -ltermcap
collect2: error: ld returned 1 exit status
configure:7978: $? = 1
configure: failed program was:
| /* confdefs.h */
| #define PACKAGE_NAME "w3m"
| #define PACKAGE_TARNAME "w3m"
| #define PACKAGE_VERSION "0.5.3"
| #define PACKAGE_STRING "w3m 0.5.3"
| #define PACKAGE_BUGREPORT "satodai@w3m.jp"
| #define PACKAGE_URL ""
| #define PACKAGE "w3m"
| #define VERSION "0.5.3"
| #define W3M w3m
| #define W3M_TARGET 
| #define USE_M17N 1
| #define USE_UNICODE 1
| #define W3M_LANG EN
| #define WCTARGET "libwc/libwc.a"
| #define WCCFLAGS "-DUSE_UNICODE -I$(srcdir) -I$(srcdir)/.."
| #define DISPLAY_CHARSET WC_CES_UTF_8
| #define SYSTEM_CHARSET WC_CES_UTF_8
| #define DOCUMENT_CHARSET WC_CES_UTF_8
| #define ENABLE_NLS 1
| #define HAVE_GETTEXT 1
| #define HAVE_DCGETTEXT 1
| #define USE_COLOR 1
| #define USE_ANSI_COLOR 1
| #define USE_BG_COLOR 1
| #define INSTALL_W3MIMGDISPLAY $INSTALL_W3MIMGDISPLAY
| #define USE_IMAGE 1
| #define USE_W3MIMG_X11 1
| #define USE_GDKPIXBUF 1
| #define USE_GTK2 1
| #define USE_W3MIMG_FB 1
| #define USE_GDKPIXBUF 1
| #define USE_GTK2 1
| #define IMGTARGETS "$IMGTARGETS"
| #define IMGOBJS "$IMGOBJS"
| #define IMGX11CFLAGS "$IMGX11CFLAGS"
| #define IMGX11LDFLAGS "$IMGX11LDFLAGS"
| #define IMGFBCFLAGS "$IMGFBCFLAGS"
| #define IMGFBLDFLAGS "$IMGFBLDFLAGS"
| #define IMGLINK "$IMGLINK"
| #define IMGWINCFLAGS "$IMGWINCFLAGS"
| #define IMGWINLDFLAGS "$IMGWINLDFLAGS"
| #define USE_XFACE 1
| #define HELP_FILE "w3mhelp-w3m_en.html"
| #define KEYBIND w3m
| #define USE_MENU 1
| #define USE_MOUSE 1
| #define USE_HISTORY 1
| #define USE_ALARM 1
| #define USE_COOKIE 1
| #define USE_NNTP 1
| #define USE_DICT 1
| #define USE_HELP_CGI 1
| #define USE_EXTERNAL_URI_LOADER 1
| #define USE_W3MMAILER 1
| #define DEF_MIGEMO_COMMAND "migemo -t egrep /usr/local/share/migemo/migemo-dict"
| #define DEF_EDITOR "/usr/bin/vi"
| #define DEF_MAILER "/usr/bin/mail"
| #define DEF_EXT_BROWSER "/usr/bin/firefox"
| #define INET6 1
| #define USE_SSL 1
| #define USE_SSL_VERIFY 1
| #define USE_DIGEST_AUTH 1
| #define HAVE_LIBM 1
| #define USE_GPM 1
| /* end confdefs.h.  */
| 
| /* Override any GCC internal prototype to avoid an error.
|    Use char because int might match the return type of a GCC
|    builtin and then its argument prototype would still apply.  */
| #ifdef __cplusplus
| extern "C"
| #endif
| char tgetent ();
| int
| main ()
| {
| return tgetent ();
|   ;
|   return 0;
| }
configure:7988: result: no
configure:7953: checking for tgetent in -ltinfo
configure:7978: gcc -o conftest -g -O2 -I$(srcdir)/libwc    conftest.c -ltinfo  -lm  -lbsd -lnsl -ldl >&5
configure:7978: $? = 0
configure:7988: result: yes
configure:7996: checking for ANSI C header files
configure:8016: gcc -c -g -O2 -I$(srcdir)/libwc   conftest.c >&5
configure:8016: $? = 0
configure:8089: gcc -o conftest -g -O2 -I$(srcdir)/libwc    conftest.c -lm  -lbsd -lnsl -ldl >&5
configure:8089: $? = 0
configure:8089: ./conftest
configure:8089: $? = 0
configure:8100: result: yes
configure:8113: checking for sys/types.h
configure:8113: gcc -c -g -O2 -I$(srcdir)/libwc   conftest.c >&5
configure:8113: $? = 0
configure:8113: result: yes
configure:8113: checking for sys/stat.h
configure:8113: gcc -c -g -O2 -I$(srcdir)/libwc   conftest.c >&5
configure:8113: $? = 0
configure:8113: result: yes
configure:8113: checking for stdlib.h
configure:8113: gcc -c -g -O2 -I$(srcdir)/libwc   conftest.c >&5
configure:8113: $? = 0
configure:8113: result: yes
configure:8113: checking for string.h
configure:8113: gcc -c -g -O2 -I$(srcdir)/libwc   conftest.c >&5
configure:8113: $? = 0
configure:8113: result: yes
configure:8113: checking for memory.h
configure:8113: gcc -c -g -O2 -I$(srcdir)/libwc   conftest.c >&5
configure:8113: $? = 0
configure:8113: result: yes
configure:8113: checking for strings.h
configure:8113: gcc -c -g -O2 -I$(srcdir)/libwc   conftest.c >&5
configure:8113: $? = 0
configure:8113: result: yes
configure:8113: checking for inttypes.h
configure:8113: gcc -c -g -O2 -I$(srcdir)/libwc   conftest.c >&5
configure:8113: $? = 0
configure:8113: result: yes
configure:8113: checking for stdint.h
configure:8113: gcc -c -g -O2 -I$(srcdir)/libwc   conftest.c >&5
configure:8113: $? = 0
configure:8113: result: yes
configure:8113: checking for unistd.h
configure:8113: gcc -c -g -O2 -I$(srcdir)/libwc   conftest.c >&5
configure:8113: $? = 0
configure:8113: result: yes
configure:8125: checking GC library exists
configure:8136: result: yes
configure:8140: checking gc.h usability
configure:8140: gcc -c -g -O2 -I$(srcdir)/libwc   conftest.c >&5
configure:8140: $? = 0
configure:8140: result: yes
configure:8140: checking gc.h presence
configure:8140: gcc -E  conftest.c
configure:8140: $? = 0
configure:8140: result: yes
configure:8140: checking for gc.h
configure:8140: result: yes
configure:8176: checking for GC_init in -lgc
configure:8201: gcc -o conftest -g -O2 -I$(srcdir)/libwc    conftest.c -lgc  -lm  -lbsd -lnsl -ldl >&5
configure:8201: $? = 0
configure:8210: result: yes
configure:8274: checking for zError in -lz
configure:8299: gcc -o conftest -g -O2 -I$(srcdir)/libwc    conftest.c -lz  -lm  -lbsd -lnsl -ldl >&5
configure:8299: $? = 0
configure:8308: result: yes
configure:8315: checking for socklen_t
configure:8315: gcc -c -g -O2 -I$(srcdir)/libwc   conftest.c >&5
configure:8315: $? = 0
configure:8315: gcc -c -g -O2 -I$(srcdir)/libwc   conftest.c >&5
conftest.c: In function 'main':
conftest.c:83:24: error: expected expression before ')' token
   83 | if (sizeof ((socklen_t)))
      |                        ^
configure:8315: $? = 1
configure: failed program was:
| /* confdefs.h */
| #define PACKAGE_NAME "w3m"
| #define PACKAGE_TARNAME "w3m"
| #define PACKAGE_VERSION "0.5.3"
| #define PACKAGE_STRING "w3m 0.5.3"
| #define PACKAGE_BUGREPORT "satodai@w3m.jp"
| #define PACKAGE_URL ""
| #define PACKAGE "w3m"
| #define VERSION "0.5.3"
| #define W3M w3m
| #define W3M_TARGET 
| #define USE_M17N 1
| #define USE_UNICODE 1
| #define W3M_LANG EN
| #define WCTARGET "libwc/libwc.a"
| #define WCCFLAGS "-DUSE_UNICODE -I$(srcdir) -I$(srcdir)/.."
| #define DISPLAY_CHARSET WC_CES_UTF_8
| #define SYSTEM_CHARSET WC_CES_UTF_8
| #define DOCUMENT_CHARSET WC_CES_UTF_8
| #define ENABLE_NLS 1
| #define HAVE_GETTEXT 1
| #define HAVE_DCGETTEXT 1
| #define USE_COLOR 1
| #define USE_ANSI_COLOR 1
| #define USE_BG_COLOR 1
| #define INSTALL_W3MIMGDISPLAY $INSTALL_W3MIMGDISPLAY
| #define USE_IMAGE 1
| #define USE_W3MIMG_X11 1
| #define USE_GDKPIXBUF 1
| #define USE_GTK2 1
| #define USE_W3MIMG_FB 1
| #define USE_GDKPIXBUF 1
| #define USE_GTK2 1
| #define IMGTARGETS "$IMGTARGETS"
| #define IMGOBJS "$IMGOBJS"
| #define IMGX11CFLAGS "$IMGX11CFLAGS"
| #define IMGX11LDFLAGS "$IMGX11LDFLAGS"
| #define IMGFBCFLAGS "$IMGFBCFLAGS"
| #define IMGFBLDFLAGS "$IMGFBLDFLAGS"
| #define IMGLINK "$IMGLINK"
| #define IMGWINCFLAGS "$IMGWINCFLAGS"
| #define IMGWINLDFLAGS "$IMGWINLDFLAGS"
| #define USE_XFACE 1
| #define HELP_FILE "w3mhelp-w3m_en.html"
| #define KEYBIND w3m
| #define USE_MENU 1
| #define USE_MOUSE 1
| #define USE_HISTORY 1
| #define USE_ALARM 1
| #define USE_COOKIE 1
| #define USE_NNTP 1
| #define USE_DICT 1
| #define USE_HELP_CGI 1
| #define USE_EXTERNAL_URI_LOADER 1
| #define USE_W3MMAILER 1
| #define DEF_MIGEMO_COMMAND "migemo -t egrep /usr/local/share/migemo/migemo-dict"
| #define DEF_EDITOR "/usr/bin/vi"
| #define DEF_MAILER "/usr/bin/mail"
| #define DEF_EXT_BROWSER "/usr/bin/firefox"
| #define INET6 1
| #define USE_SSL 1
| #define USE_SSL_VERIFY 1
| #define USE_DIGEST_AUTH 1
| #define HAVE_LIBM 1
| #define USE_GPM 1
| #define STDC_HEADERS 1
| #define HAVE_SYS_TYPES_H 1
| #define HAVE_SYS_STAT_H 1
| #define HAVE_STDLIB_H 1
| #define HAVE_STRING_H 1
| #define HAVE_MEMORY_H 1
| #define HAVE_STRINGS_H 1
| #define HAVE_INTTYPES_H 1
| #define HAVE_STDINT_H 1
| #define HAVE_UNISTD_H 1
| /* end confdefs.h.  */
| #include <sys/types.h>
| 	  #include <sys/socket.h>
| 
| int
| main ()
| {
| if (sizeof ((socklen_t)))
| 	    return 0;
|   ;
|   return 0;
| }
configure:8315: result: yes
configure:8338: checking for dirent.h that defines DIR
configure:8357: gcc -c -g -O2 -I$(srcdir)/libwc   conftest.c >&5
configure:8357: $? = 0
configure:8365: result: yes
configure:8378: checking for library containing opendir
configure:8409: gcc -o conftest -g -O2 -I$(srcdir)/libwc    conftest.c -lm  -lbsd -lnsl -ldl >&5
configure:8409: $? = 0
configure:8426: result: none required
configure:8493: checking for ANSI C header files
configure:8597: result: yes
configure:8605: checking for sys/wait.h that is POSIX.1 compatible
configure:8631: gcc -c -g -O2 -I$(srcdir)/libwc   conftest.c >&5
configure:8631: $? = 0
configure:8638: result: yes
configure:8646: checking termios.h usability
configure:8646: gcc -c -g -O2 -I$(srcdir)/libwc   conftest.c >&5
configure:8646: $? = 0
configure:8646: result: yes
configure:8646: checking termios.h presence
configure:8646: gcc -E  conftest.c
configure:8646: $? = 0
configure:8646: result: yes
configure:8646: checking for termios.h
configure:8646: result: yes
configure:8669: checking float.h usability
configure:8669: gcc -c -g -O2 -I$(srcdir)/libwc   conftest.c >&5
configure:8669: $? = 0
configure:8669: result: yes
configure:8669: checking float.h presence
configure:8669: gcc -E  conftest.c
configure:8669: $? = 0
configure:8669: result: yes
configure:8669: checking for float.h
configure:8669: result: yes
configure:8676: checking sys/select.h usability
configure:8676: gcc -c -g -O2 -I$(srcdir)/libwc   conftest.c >&5
configure:8676: $? = 0
configure:8676: result: yes
configure:8676: checking sys/select.h presence
configure:8676: gcc -E  conftest.c
configure:8676: $? = 0
configure:8676: result: yes
configure:8676: checking for sys/select.h
configure:8676: result: yes
configure:8683: checking locale.h usability
configure:8683: gcc -c -g -O2 -I$(srcdir)/libwc   conftest.c >&5
configure:8683: $? = 0
configure:8683: result: yes
configure:8683: checking locale.h presence
configure:8683: gcc -E  conftest.c
configure:8683: $? = 0
configure:8683: result: yes
configure:8683: checking for locale.h
configure:8683: result: yes
configure:8690: checking for stdint.h
configure:8690: result: yes
configure:8697: checking for inttypes.h
configure:8697: result: yes
configure:8709: checking size of long long
configure:8714: gcc -o conftest -g -O2 -I$(srcdir)/libwc    conftest.c -lm  -lbsd -lnsl -ldl >&5
configure:8714: $? = 0
configure:8714: ./conftest
configure:8714: $? = 0
configure:8728: result: 8
configure:8742: checking for strcasecmp
configure:8742: gcc -o conftest -g -O2 -I$(srcdir)/libwc    conftest.c -lm  -lbsd -lnsl -ldl >&5
conftest.c:112:6: warning: conflicting types for built-in function 'strcasecmp'; expected 'int(const char *, const char *)' [-Wbuiltin-declaration-mismatch]
  112 | char strcasecmp ();
      |      ^~~~~~~~~~
configure:8742: $? = 0
configure:8742: result: yes
configure:8742: checking for strcasestr
configure:8742: gcc -o conftest -g -O2 -I$(srcdir)/libwc    conftest.c -lm  -lbsd -lnsl -ldl >&5
configure:8742: $? = 0
configure:8742: result: yes
configure:8742: checking for strchr
configure:8742: gcc -o conftest -g -O2 -I$(srcdir)/libwc    conftest.c -lm  -lbsd -lnsl -ldl >&5
conftest.c:114:6: warning: conflicting types for built-in function 'strchr'; expected 'char *(const char *, int)' [-Wbuiltin-declaration-mismatch]
  114 | char strchr ();
      |      ^~~~~~
conftest.c:102:1: note: 'strchr' is declared in header '<string.h>'
  101 | # include <limits.h>
  102 | #else
configure:8742: $? = 0
configure:8742: result: yes
configure:8742: checking for memcpy
configure:8742: gcc -o conftest -g -O2 -I$(srcdir)/libwc    conftest.c -lm  -lbsd -lnsl -ldl >&5
conftest.c:115:6: warning: conflicting types for built-in function 'memcpy'; expected 'void *(void *, const void *, long unsigned int)' [-Wbuiltin-declaration-mismatch]
  115 | char memcpy ();
      |      ^~~~~~
conftest.c:103:1: note: 'memcpy' is declared in header '<string.h>'
  102 | # include <limits.h>
  103 | #else
configure:8742: $? = 0
configure:8742: result: yes
configure:8742: checking for strerror
configure:8742: gcc -o conftest -g -O2 -I$(srcdir)/libwc    conftest.c -lm  -lbsd -lnsl -ldl >&5
configure:8742: $? = 0
configure:8742: result: yes
configure:8742: checking for bcopy
configure:8742: gcc -o conftest -g -O2 -I$(srcdir)/libwc    conftest.c -lm  -lbsd -lnsl -ldl >&5
conftest.c:117:6: warning: conflicting types for built-in function 'bcopy'; expected 'void(const void *, void *, long unsigned int)' [-Wbuiltin-declaration-mismatch]
  117 | char bcopy ();
      |      ^~~~~
configure:8742: $? = 0
configure:8742: result: yes
configure:8742: checking for setpgrp
configure:8742: gcc -o conftest -g -O2 -I$(srcdir)/libwc    conftest.c -lm  -lbsd -lnsl -ldl >&5
configure:8742: $? = 0
configure:8742: result: yes
configure:8742: checking for chdir
configure:8742: gcc -o conftest -g -O2 -I$(srcdir)/libwc    conftest.c -lm  -lbsd -lnsl -ldl >&5
configure:8742: $? = 0
configure:8742: result: yes
configure:8742: checking for mkdtemp
configure:8742: gcc -o conftest -g -O2 -I$(srcdir)/libwc    conftest.c -lm  -lbsd -lnsl -ldl >&5
configure:8742: $? = 0
configure:8742: result: yes
configure:8742: checking for getcwd
configure:8742: gcc -o conftest -g -O2 -I$(srcdir)/libwc    conftest.c -lm  -lbsd -lnsl -ldl >&5
configure:8742: $? = 0
configure:8742: result: yes
configure:8742: checking for getwd
configure:8742: gcc -o conftest -g -O2 -I$(srcdir)/libwc    conftest.c -lm  -lbsd -lnsl -ldl >&5
/usr/bin/ld: /tmp/ccAVdUKD.o: in function `main':
/home/kerr/Github/w3m-master/conftest.c:133: warning: the `getwd' function is dangerous and should not be used.
configure:8742: $? = 0
configure:8742: result: yes
configure:8742: checking for readlink
configure:8742: gcc -o conftest -g -O2 -I$(srcdir)/libwc    conftest.c -lm  -lbsd -lnsl -ldl >&5
configure:8742: $? = 0
configure:8742: result: yes
configure:8742: checking for setenv
configure:8742: gcc -o conftest -g -O2 -I$(srcdir)/libwc    conftest.c -lm  -lbsd -lnsl -ldl >&5
configure:8742: $? = 0
configure:8742: result: yes
configure:8742: checking for putenv
configure:8742: gcc -o conftest -g -O2 -I$(srcdir)/libwc    conftest.c -lm  -lbsd -lnsl -ldl >&5
configure:8742: $? = 0
configure:8742: result: yes
configure:8742: checking for strtoll
configure:8742: gcc -o conftest -g -O2 -I$(srcdir)/libwc    conftest.c -lm  -lbsd -lnsl -ldl >&5
configure:8742: $? = 0
configure:8742: result: yes
configure:8742: checking for stroq
configure:8742: gcc -o conftest -g -O2 -I$(srcdir)/libwc    conftest.c -lm  -lbsd -lnsl -ldl >&5
/usr/bin/ld: /tmp/ccpVO7o2.o: in function `main':
/home/kerr/Github/w3m-master/conftest.c:138: undefined reference to `stroq'
collect2: error: ld returned 1 exit status
configure:8742: $? = 1
configure: failed program was:
| /* confdefs.h */
| #define PACKAGE_NAME "w3m"
| #define PACKAGE_TARNAME "w3m"
| #define PACKAGE_VERSION "0.5.3"
| #define PACKAGE_STRING "w3m 0.5.3"
| #define PACKAGE_BUGREPORT "satodai@w3m.jp"
| #define PACKAGE_URL ""
| #define PACKAGE "w3m"
| #define VERSION "0.5.3"
| #define W3M w3m
| #define W3M_TARGET 
| #define USE_M17N 1
| #define USE_UNICODE 1
| #define W3M_LANG EN
| #define WCTARGET "libwc/libwc.a"
| #define WCCFLAGS "-DUSE_UNICODE -I$(srcdir) -I$(srcdir)/.."
| #define DISPLAY_CHARSET WC_CES_UTF_8
| #define SYSTEM_CHARSET WC_CES_UTF_8
| #define DOCUMENT_CHARSET WC_CES_UTF_8
| #define ENABLE_NLS 1
| #define HAVE_GETTEXT 1
| #define HAVE_DCGETTEXT 1
| #define USE_COLOR 1
| #define USE_ANSI_COLOR 1
| #define USE_BG_COLOR 1
| #define INSTALL_W3MIMGDISPLAY $INSTALL_W3MIMGDISPLAY
| #define USE_IMAGE 1
| #define USE_W3MIMG_X11 1
| #define USE_GDKPIXBUF 1
| #define USE_GTK2 1
| #define USE_W3MIMG_FB 1
| #define USE_GDKPIXBUF 1
| #define USE_GTK2 1
| #define IMGTARGETS "$IMGTARGETS"
| #define IMGOBJS "$IMGOBJS"
| #define IMGX11CFLAGS "$IMGX11CFLAGS"
| #define IMGX11LDFLAGS "$IMGX11LDFLAGS"
| #define IMGFBCFLAGS "$IMGFBCFLAGS"
| #define IMGFBLDFLAGS "$IMGFBLDFLAGS"
| #define IMGLINK "$IMGLINK"
| #define IMGWINCFLAGS "$IMGWINCFLAGS"
| #define IMGWINLDFLAGS "$IMGWINLDFLAGS"
| #define USE_XFACE 1
| #define HELP_FILE "w3mhelp-w3m_en.html"
| #define KEYBIND w3m
| #define USE_MENU 1
| #define USE_MOUSE 1
| #define USE_HISTORY 1
| #define USE_ALARM 1
| #define USE_COOKIE 1
| #define USE_NNTP 1
| #define USE_DICT 1
| #define USE_HELP_CGI 1
| #define USE_EXTERNAL_URI_LOADER 1
| #define USE_W3MMAILER 1
| #define DEF_MIGEMO_COMMAND "migemo -t egrep /usr/local/share/migemo/migemo-dict"
| #define DEF_EDITOR "/usr/bin/vi"
| #define DEF_MAILER "/usr/bin/mail"
| #define DEF_EXT_BROWSER "/usr/bin/firefox"
| #define INET6 1
| #define USE_SSL 1
| #define USE_SSL_VERIFY 1
| #define USE_DIGEST_AUTH 1
| #define HAVE_LIBM 1
| #define USE_GPM 1
| #define STDC_HEADERS 1
| #define HAVE_SYS_TYPES_H 1
| #define HAVE_SYS_STAT_H 1
| #define HAVE_STDLIB_H 1
| #define HAVE_STRING_H 1
| #define HAVE_MEMORY_H 1
| #define HAVE_STRINGS_H 1
| #define HAVE_INTTYPES_H 1
| #define HAVE_STDINT_H 1
| #define HAVE_UNISTD_H 1
| #define HAVE_SOCKLEN_T 1
| #define AUXBIN_TARGETS "$AUXBIN_TARGETS"
| #define HAVE_DIRENT_H 1
| #define STDC_HEADERS 1
| #define HAVE_SYS_WAIT_H 1
| #define HAVE_TERMIOS_H 1
| #define HAVE_FLOAT_H 1
| #define HAVE_SYS_SELECT_H 1
| #define HAVE_LOCALE_H 1
| #define HAVE_STDINT_H 1
| #define HAVE_INTTYPES_H 1
| #define SIZEOF_LONG_LONG 8
| #define HAVE_STRCASECMP 1
| #define HAVE_STRCASESTR 1
| #define HAVE_STRCHR 1
| #define HAVE_MEMCPY 1
| #define HAVE_STRERROR 1
| #define HAVE_BCOPY 1
| #define HAVE_SETPGRP 1
| #define HAVE_CHDIR 1
| #define HAVE_MKDTEMP 1
| #define HAVE_GETCWD 1
| #define HAVE_GETWD 1
| #define HAVE_READLINK 1
| #define HAVE_SETENV 1
| #define HAVE_PUTENV 1
| #define HAVE_STRTOLL 1
| /* end confdefs.h.  */
| /* Define stroq to an innocuous variant, in case <limits.h> declares stroq.
|    For example, HP-UX 11i <limits.h> declares gettimeofday.  */
| #define stroq innocuous_stroq
| 
| /* System header to define __stub macros and hopefully few prototypes,
|     which can conflict with char stroq (); below.
|     Prefer <limits.h> to <assert.h> if __STDC__ is defined, since
|     <limits.h> exists even on freestanding compilers.  */
| 
| #ifdef __STDC__
| # include <limits.h>
| #else
| # include <assert.h>
| #endif
| 
| #undef stroq
| 
| /* Override any GCC internal prototype to avoid an error.
|    Use char because int might match the return type of a GCC
|    builtin and then its argument prototype would still apply.  */
| #ifdef __cplusplus
| extern "C"
| #endif
| char stroq ();
| /* The GNU C library defines this for functions which it implements
|     to always fail with ENOSYS.  Some functions are actually named
|     something starting with __ and the normal name is an alias.  */
| #if defined __stub_stroq || defined __stub___stroq
| choke me
| #endif
| 
| int
| main ()
| {
| return stroq ();
|   ;
|   return 0;
| }
configure:8742: result: no
configure:8742: checking for atoll
configure:8742: gcc -o conftest -g -O2 -I$(srcdir)/libwc    conftest.c -lm  -lbsd -lnsl -ldl >&5
configure:8742: $? = 0
configure:8742: result: yes
configure:8742: checking for atoq
configure:8742: gcc -o conftest -g -O2 -I$(srcdir)/libwc    conftest.c -lm  -lbsd -lnsl -ldl >&5
/usr/bin/ld: /tmp/ccHH9M9Q.o: in function `main':
/home/kerr/Github/w3m-master/conftest.c:139: undefined reference to `atoq'
collect2: error: ld returned 1 exit status
configure:8742: $? = 1
configure: failed program was:
| /* confdefs.h */
| #define PACKAGE_NAME "w3m"
| #define PACKAGE_TARNAME "w3m"
| #define PACKAGE_VERSION "0.5.3"
| #define PACKAGE_STRING "w3m 0.5.3"
| #define PACKAGE_BUGREPORT "satodai@w3m.jp"
| #define PACKAGE_URL ""
| #define PACKAGE "w3m"
| #define VERSION "0.5.3"
| #define W3M w3m
| #define W3M_TARGET 
| #define USE_M17N 1
| #define USE_UNICODE 1
| #define W3M_LANG EN
| #define WCTARGET "libwc/libwc.a"
| #define WCCFLAGS "-DUSE_UNICODE -I$(srcdir) -I$(srcdir)/.."
| #define DISPLAY_CHARSET WC_CES_UTF_8
| #define SYSTEM_CHARSET WC_CES_UTF_8
| #define DOCUMENT_CHARSET WC_CES_UTF_8
| #define ENABLE_NLS 1
| #define HAVE_GETTEXT 1
| #define HAVE_DCGETTEXT 1
| #define USE_COLOR 1
| #define USE_ANSI_COLOR 1
| #define USE_BG_COLOR 1
| #define INSTALL_W3MIMGDISPLAY $INSTALL_W3MIMGDISPLAY
| #define USE_IMAGE 1
| #define USE_W3MIMG_X11 1
| #define USE_GDKPIXBUF 1
| #define USE_GTK2 1
| #define USE_W3MIMG_FB 1
| #define USE_GDKPIXBUF 1
| #define USE_GTK2 1
| #define IMGTARGETS "$IMGTARGETS"
| #define IMGOBJS "$IMGOBJS"
| #define IMGX11CFLAGS "$IMGX11CFLAGS"
| #define IMGX11LDFLAGS "$IMGX11LDFLAGS"
| #define IMGFBCFLAGS "$IMGFBCFLAGS"
| #define IMGFBLDFLAGS "$IMGFBLDFLAGS"
| #define IMGLINK "$IMGLINK"
| #define IMGWINCFLAGS "$IMGWINCFLAGS"
| #define IMGWINLDFLAGS "$IMGWINLDFLAGS"
| #define USE_XFACE 1
| #define HELP_FILE "w3mhelp-w3m_en.html"
| #define KEYBIND w3m
| #define USE_MENU 1
| #define USE_MOUSE 1
| #define USE_HISTORY 1
| #define USE_ALARM 1
| #define USE_COOKIE 1
| #define USE_NNTP 1
| #define USE_DICT 1
| #define USE_HELP_CGI 1
| #define USE_EXTERNAL_URI_LOADER 1
| #define USE_W3MMAILER 1
| #define DEF_MIGEMO_COMMAND "migemo -t egrep /usr/local/share/migemo/migemo-dict"
| #define DEF_EDITOR "/usr/bin/vi"
| #define DEF_MAILER "/usr/bin/mail"
| #define DEF_EXT_BROWSER "/usr/bin/firefox"
| #define INET6 1
| #define USE_SSL 1
| #define USE_SSL_VERIFY 1
| #define USE_DIGEST_AUTH 1
| #define HAVE_LIBM 1
| #define USE_GPM 1
| #define STDC_HEADERS 1
| #define HAVE_SYS_TYPES_H 1
| #define HAVE_SYS_STAT_H 1
| #define HAVE_STDLIB_H 1
| #define HAVE_STRING_H 1
| #define HAVE_MEMORY_H 1
| #define HAVE_STRINGS_H 1
| #define HAVE_INTTYPES_H 1
| #define HAVE_STDINT_H 1
| #define HAVE_UNISTD_H 1
| #define HAVE_SOCKLEN_T 1
| #define AUXBIN_TARGETS "$AUXBIN_TARGETS"
| #define HAVE_DIRENT_H 1
| #define STDC_HEADERS 1
| #define HAVE_SYS_WAIT_H 1
| #define HAVE_TERMIOS_H 1
| #define HAVE_FLOAT_H 1
| #define HAVE_SYS_SELECT_H 1
| #define HAVE_LOCALE_H 1
| #define HAVE_STDINT_H 1
| #define HAVE_INTTYPES_H 1
| #define SIZEOF_LONG_LONG 8
| #define HAVE_STRCASECMP 1
| #define HAVE_STRCASESTR 1
| #define HAVE_STRCHR 1
| #define HAVE_MEMCPY 1
| #define HAVE_STRERROR 1
| #define HAVE_BCOPY 1
| #define HAVE_SETPGRP 1
| #define HAVE_CHDIR 1
| #define HAVE_MKDTEMP 1
| #define HAVE_GETCWD 1
| #define HAVE_GETWD 1
| #define HAVE_READLINK 1
| #define HAVE_SETENV 1
| #define HAVE_PUTENV 1
| #define HAVE_STRTOLL 1
| #define HAVE_ATOLL 1
| /* end confdefs.h.  */
| /* Define atoq to an innocuous variant, in case <limits.h> declares atoq.
|    For example, HP-UX 11i <limits.h> declares gettimeofday.  */
| #define atoq innocuous_atoq
| 
| /* System header to define __stub macros and hopefully few prototypes,
|     which can conflict with char atoq (); below.
|     Prefer <limits.h> to <assert.h> if __STDC__ is defined, since
|     <limits.h> exists even on freestanding compilers.  */
| 
| #ifdef __STDC__
| # include <limits.h>
| #else
| # include <assert.h>
| #endif
| 
| #undef atoq
| 
| /* Override any GCC internal prototype to avoid an error.
|    Use char because int might match the return type of a GCC
|    builtin and then its argument prototype would still apply.  */
| #ifdef __cplusplus
| extern "C"
| #endif
| char atoq ();
| /* The GNU C library defines this for functions which it implements
|     to always fail with ENOSYS.  Some functions are actually named
|     something starting with __ and the normal name is an alias.  */
| #if defined __stub_atoq || defined __stub___atoq
| choke me
| #endif
| 
| int
| main ()
| {
| return atoq ();
|   ;
|   return 0;
| }
configure:8742: result: no
configure:8742: checking for symlink
configure:8742: gcc -o conftest -g -O2 -I$(srcdir)/libwc    conftest.c -lm  -lbsd -lnsl -ldl >&5
configure:8742: $? = 0
configure:8742: result: yes
configure:8742: checking for readlink
configure:8742: result: yes
configure:8742: checking for lstat
configure:8742: gcc -o conftest -g -O2 -I$(srcdir)/libwc    conftest.c -lm  -lbsd -lnsl -ldl >&5
configure:8742: $? = 0
configure:8742: result: yes
configure:8742: checking for srand48
configure:8742: gcc -o conftest -g -O2 -I$(srcdir)/libwc    conftest.c -lm  -lbsd -lnsl -ldl >&5
configure:8742: $? = 0
configure:8742: result: yes
configure:8742: checking for srandom
configure:8742: gcc -o conftest -g -O2 -I$(srcdir)/libwc    conftest.c -lm  -lbsd -lnsl -ldl >&5
configure:8742: $? = 0
configure:8742: result: yes
configure:8742: checking for getpassphrase
configure:8742: gcc -o conftest -g -O2 -I$(srcdir)/libwc    conftest.c -lm  -lbsd -lnsl -ldl >&5
/usr/bin/ld: /tmp/cciW3akE.o: in function `main':
/home/kerr/Github/w3m-master/conftest.c:144: undefined reference to `getpassphrase'
collect2: error: ld returned 1 exit status
configure:8742: $? = 1
configure: failed program was:
| /* confdefs.h */
| #define PACKAGE_NAME "w3m"
| #define PACKAGE_TARNAME "w3m"
| #define PACKAGE_VERSION "0.5.3"
| #define PACKAGE_STRING "w3m 0.5.3"
| #define PACKAGE_BUGREPORT "satodai@w3m.jp"
| #define PACKAGE_URL ""
| #define PACKAGE "w3m"
| #define VERSION "0.5.3"
| #define W3M w3m
| #define W3M_TARGET 
| #define USE_M17N 1
| #define USE_UNICODE 1
| #define W3M_LANG EN
| #define WCTARGET "libwc/libwc.a"
| #define WCCFLAGS "-DUSE_UNICODE -I$(srcdir) -I$(srcdir)/.."
| #define DISPLAY_CHARSET WC_CES_UTF_8
| #define SYSTEM_CHARSET WC_CES_UTF_8
| #define DOCUMENT_CHARSET WC_CES_UTF_8
| #define ENABLE_NLS 1
| #define HAVE_GETTEXT 1
| #define HAVE_DCGETTEXT 1
| #define USE_COLOR 1
| #define USE_ANSI_COLOR 1
| #define USE_BG_COLOR 1
| #define INSTALL_W3MIMGDISPLAY $INSTALL_W3MIMGDISPLAY
| #define USE_IMAGE 1
| #define USE_W3MIMG_X11 1
| #define USE_GDKPIXBUF 1
| #define USE_GTK2 1
| #define USE_W3MIMG_FB 1
| #define USE_GDKPIXBUF 1
| #define USE_GTK2 1
| #define IMGTARGETS "$IMGTARGETS"
| #define IMGOBJS "$IMGOBJS"
| #define IMGX11CFLAGS "$IMGX11CFLAGS"
| #define IMGX11LDFLAGS "$IMGX11LDFLAGS"
| #define IMGFBCFLAGS "$IMGFBCFLAGS"
| #define IMGFBLDFLAGS "$IMGFBLDFLAGS"
| #define IMGLINK "$IMGLINK"
| #define IMGWINCFLAGS "$IMGWINCFLAGS"
| #define IMGWINLDFLAGS "$IMGWINLDFLAGS"
| #define USE_XFACE 1
| #define HELP_FILE "w3mhelp-w3m_en.html"
| #define KEYBIND w3m
| #define USE_MENU 1
| #define USE_MOUSE 1
| #define USE_HISTORY 1
| #define USE_ALARM 1
| #define USE_COOKIE 1
| #define USE_NNTP 1
| #define USE_DICT 1
| #define USE_HELP_CGI 1
| #define USE_EXTERNAL_URI_LOADER 1
| #define USE_W3MMAILER 1
| #define DEF_MIGEMO_COMMAND "migemo -t egrep /usr/local/share/migemo/migemo-dict"
| #define DEF_EDITOR "/usr/bin/vi"
| #define DEF_MAILER "/usr/bin/mail"
| #define DEF_EXT_BROWSER "/usr/bin/firefox"
| #define INET6 1
| #define USE_SSL 1
| #define USE_SSL_VERIFY 1
| #define USE_DIGEST_AUTH 1
| #define HAVE_LIBM 1
| #define USE_GPM 1
| #define STDC_HEADERS 1
| #define HAVE_SYS_TYPES_H 1
| #define HAVE_SYS_STAT_H 1
| #define HAVE_STDLIB_H 1
| #define HAVE_STRING_H 1
| #define HAVE_MEMORY_H 1
| #define HAVE_STRINGS_H 1
| #define HAVE_INTTYPES_H 1
| #define HAVE_STDINT_H 1
| #define HAVE_UNISTD_H 1
| #define HAVE_SOCKLEN_T 1
| #define AUXBIN_TARGETS "$AUXBIN_TARGETS"
| #define HAVE_DIRENT_H 1
| #define STDC_HEADERS 1
| #define HAVE_SYS_WAIT_H 1
| #define HAVE_TERMIOS_H 1
| #define HAVE_FLOAT_H 1
| #define HAVE_SYS_SELECT_H 1
| #define HAVE_LOCALE_H 1
| #define HAVE_STDINT_H 1
| #define HAVE_INTTYPES_H 1
| #define SIZEOF_LONG_LONG 8
| #define HAVE_STRCASECMP 1
| #define HAVE_STRCASESTR 1
| #define HAVE_STRCHR 1
| #define HAVE_MEMCPY 1
| #define HAVE_STRERROR 1
| #define HAVE_BCOPY 1
| #define HAVE_SETPGRP 1
| #define HAVE_CHDIR 1
| #define HAVE_MKDTEMP 1
| #define HAVE_GETCWD 1
| #define HAVE_GETWD 1
| #define HAVE_READLINK 1
| #define HAVE_SETENV 1
| #define HAVE_PUTENV 1
| #define HAVE_STRTOLL 1
| #define HAVE_ATOLL 1
| #define HAVE_SYMLINK 1
| #define HAVE_READLINK 1
| #define HAVE_LSTAT 1
| #define HAVE_SRAND48 1
| #define HAVE_SRANDOM 1
| /* end confdefs.h.  */
| /* Define getpassphrase to an innocuous variant, in case <limits.h> declares getpassphrase.
|    For example, HP-UX 11i <limits.h> declares gettimeofday.  */
| #define getpassphrase innocuous_getpassphrase
| 
| /* System header to define __stub macros and hopefully few prototypes,
|     which can conflict with char getpassphrase (); below.
|     Prefer <limits.h> to <assert.h> if __STDC__ is defined, since
|     <limits.h> exists even on freestanding compilers.  */
| 
| #ifdef __STDC__
| # include <limits.h>
| #else
| # include <assert.h>
| #endif
| 
| #undef getpassphrase
| 
| /* Override any GCC internal prototype to avoid an error.
|    Use char because int might match the return type of a GCC
|    builtin and then its argument prototype would still apply.  */
| #ifdef __cplusplus
| extern "C"
| #endif
| char getpassphrase ();
| /* The GNU C library defines this for functions which it implements
|     to always fail with ENOSYS.  Some functions are actually named
|     something starting with __ and the normal name is an alias.  */
| #if defined __stub_getpassphrase || defined __stub___getpassphrase
| choke me
| #endif
| 
| int
| main ()
| {
| return getpassphrase ();
|   ;
|   return 0;
| }
configure:8742: result: no
configure:8742: checking for waitpid
configure:8742: gcc -o conftest -g -O2 -I$(srcdir)/libwc    conftest.c -lm  -lbsd -lnsl -ldl >&5
configure:8742: $? = 0
configure:8742: result: yes
configure:8742: checking for setlocale
configure:8742: gcc -o conftest -g -O2 -I$(srcdir)/libwc    conftest.c -lm  -lbsd -lnsl -ldl >&5
configure:8742: $? = 0
configure:8742: result: yes
configure:8753: checking for strftime
configure:8753: gcc -o conftest -g -O2 -I$(srcdir)/libwc    conftest.c -lm  -lbsd -lnsl -ldl >&5
conftest.c:135:6: warning: conflicting types for built-in function 'strftime'; expected 'long unsigned int(char *, long unsigned int,  const char *, const void *)' [-Wbuiltin-declaration-mismatch]
  135 | char strftime ();
      |      ^~~~~~~~
conftest.c:123:1: note: 'strftime' is declared in header '<time.h>'
  122 | # include <limits.h>
  123 | #else
configure:8753: $? = 0
configure:8753: result: yes
configure:8806: checking for wait3 that fills in rusage
configure:8852: gcc -o conftest -g -O2 -I$(srcdir)/libwc    conftest.c -lm  -lbsd -lnsl -ldl >&5
configure:8852: $? = 0
configure:8852: ./conftest
configure:8852: $? = 0
configure:8862: result: yes
configure:8870: checking whether setpgrp takes no argument
configure:8892: gcc -o conftest -g -O2 -I$(srcdir)/libwc    conftest.c -lm  -lbsd -lnsl -ldl >&5
conftest.c: In function 'main':
conftest.c:153:10: error: too many arguments to function 'setpgrp'
  153 |   return setpgrp (1,1) != -1;
      |          ^~~~~~~
In file included from conftest.c:145:
/usr/include/unistd.h:660:12: note: declared here
  660 | extern int setpgrp (void) __THROW;
      |            ^~~~~~~
configure:8892: $? = 1
configure: program exited with status 1
configure: failed program was:
| /* confdefs.h */
| #define PACKAGE_NAME "w3m"
| #define PACKAGE_TARNAME "w3m"
| #define PACKAGE_VERSION "0.5.3"
| #define PACKAGE_STRING "w3m 0.5.3"
| #define PACKAGE_BUGREPORT "satodai@w3m.jp"
| #define PACKAGE_URL ""
| #define PACKAGE "w3m"
| #define VERSION "0.5.3"
| #define W3M w3m
| #define W3M_TARGET 
| #define USE_M17N 1
| #define USE_UNICODE 1
| #define W3M_LANG EN
| #define WCTARGET "libwc/libwc.a"
| #define WCCFLAGS "-DUSE_UNICODE -I$(srcdir) -I$(srcdir)/.."
| #define DISPLAY_CHARSET WC_CES_UTF_8
| #define SYSTEM_CHARSET WC_CES_UTF_8
| #define DOCUMENT_CHARSET WC_CES_UTF_8
| #define ENABLE_NLS 1
| #define HAVE_GETTEXT 1
| #define HAVE_DCGETTEXT 1
| #define USE_COLOR 1
| #define USE_ANSI_COLOR 1
| #define USE_BG_COLOR 1
| #define INSTALL_W3MIMGDISPLAY $INSTALL_W3MIMGDISPLAY
| #define USE_IMAGE 1
| #define USE_W3MIMG_X11 1
| #define USE_GDKPIXBUF 1
| #define USE_GTK2 1
| #define USE_W3MIMG_FB 1
| #define USE_GDKPIXBUF 1
| #define USE_GTK2 1
| #define IMGTARGETS "$IMGTARGETS"
| #define IMGOBJS "$IMGOBJS"
| #define IMGX11CFLAGS "$IMGX11CFLAGS"
| #define IMGX11LDFLAGS "$IMGX11LDFLAGS"
| #define IMGFBCFLAGS "$IMGFBCFLAGS"
| #define IMGFBLDFLAGS "$IMGFBLDFLAGS"
| #define IMGLINK "$IMGLINK"
| #define IMGWINCFLAGS "$IMGWINCFLAGS"
| #define IMGWINLDFLAGS "$IMGWINLDFLAGS"
| #define USE_XFACE 1
| #define HELP_FILE "w3mhelp-w3m_en.html"
| #define KEYBIND w3m
| #define USE_MENU 1
| #define USE_MOUSE 1
| #define USE_HISTORY 1
| #define USE_ALARM 1
| #define USE_COOKIE 1
| #define USE_NNTP 1
| #define USE_DICT 1
| #define USE_HELP_CGI 1
| #define USE_EXTERNAL_URI_LOADER 1
| #define USE_W3MMAILER 1
| #define DEF_MIGEMO_COMMAND "migemo -t egrep /usr/local/share/migemo/migemo-dict"
| #define DEF_EDITOR "/usr/bin/vi"
| #define DEF_MAILER "/usr/bin/mail"
| #define DEF_EXT_BROWSER "/usr/bin/firefox"
| #define INET6 1
| #define USE_SSL 1
| #define USE_SSL_VERIFY 1
| #define USE_DIGEST_AUTH 1
| #define HAVE_LIBM 1
| #define USE_GPM 1
| #define STDC_HEADERS 1
| #define HAVE_SYS_TYPES_H 1
| #define HAVE_SYS_STAT_H 1
| #define HAVE_STDLIB_H 1
| #define HAVE_STRING_H 1
| #define HAVE_MEMORY_H 1
| #define HAVE_STRINGS_H 1
| #define HAVE_INTTYPES_H 1
| #define HAVE_STDINT_H 1
| #define HAVE_UNISTD_H 1
| #define HAVE_SOCKLEN_T 1
| #define AUXBIN_TARGETS "$AUXBIN_TARGETS"
| #define HAVE_DIRENT_H 1
| #define STDC_HEADERS 1
| #define HAVE_SYS_WAIT_H 1
| #define HAVE_TERMIOS_H 1
| #define HAVE_FLOAT_H 1
| #define HAVE_SYS_SELECT_H 1
| #define HAVE_LOCALE_H 1
| #define HAVE_STDINT_H 1
| #define HAVE_INTTYPES_H 1
| #define SIZEOF_LONG_LONG 8
| #define HAVE_STRCASECMP 1
| #define HAVE_STRCASESTR 1
| #define HAVE_STRCHR 1
| #define HAVE_MEMCPY 1
| #define HAVE_STRERROR 1
| #define HAVE_BCOPY 1
| #define HAVE_SETPGRP 1
| #define HAVE_CHDIR 1
| #define HAVE_MKDTEMP 1
| #define HAVE_GETCWD 1
| #define HAVE_GETWD 1
| #define HAVE_READLINK 1
| #define HAVE_SETENV 1
| #define HAVE_PUTENV 1
| #define HAVE_STRTOLL 1
| #define HAVE_ATOLL 1
| #define HAVE_SYMLINK 1
| #define HAVE_READLINK 1
| #define HAVE_LSTAT 1
| #define HAVE_SRAND48 1
| #define HAVE_SRANDOM 1
| #define HAVE_WAITPID 1
| #define HAVE_SETLOCALE 1
| #define HAVE_STRFTIME 1
| #define HAVE_WAIT3 1
| /* end confdefs.h.  */
| #include <stdio.h>
| #ifdef HAVE_SYS_TYPES_H
| # include <sys/types.h>
| #endif
| #ifdef HAVE_SYS_STAT_H
| # include <sys/stat.h>
| #endif
| #ifdef STDC_HEADERS
| # include <stdlib.h>
| # include <stddef.h>
| #else
| # ifdef HAVE_STDLIB_H
| #  include <stdlib.h>
| # endif
| #endif
| #ifdef HAVE_STRING_H
| # if !defined STDC_HEADERS && defined HAVE_MEMORY_H
| #  include <memory.h>
| # endif
| # include <string.h>
| #endif
| #ifdef HAVE_STRINGS_H
| # include <strings.h>
| #endif
| #ifdef HAVE_INTTYPES_H
| # include <inttypes.h>
| #endif
| #ifdef HAVE_STDINT_H
| # include <stdint.h>
| #endif
| #ifdef HAVE_UNISTD_H
| # include <unistd.h>
| #endif
| int
| main ()
| {
| /* If this system has a BSD-style setpgrp which takes arguments,
|   setpgrp(1, 1) will fail with ESRCH and return -1, in that case
|   exit successfully. */
|   return setpgrp (1,1) != -1;
|   ;
|   return 0;
| }
configure:8902: result: yes
configure:8915: checking for nl_langinfo and CODESET
configure:8931: gcc -o conftest -g -O2 -I$(srcdir)/libwc    conftest.c -lm  -lbsd -lnsl -ldl >&5
configure:8931: $? = 0
configure:8940: result: yes
configure:8951: checking for sys_errlist
configure:8964: gcc -c -g -O2 -I$(srcdir)/libwc   conftest.c >&5
conftest.c: In function 'main':
conftest.c:120:1: warning: implicit declaration of function 'printf' [-Wimplicit-function-declaration]
  120 | printf("%s", sys_errlist[0]);
      | ^~~~~~
conftest.c:120:1: warning: incompatible implicit declaration of built-in function 'printf'
conftest.c:1:1: note: include '<stdio.h>' or provide a declaration of 'printf'
    1 | /* confdefs.h */
configure:8964: $? = 0
configure:8971: result: yes
configure:8974: checking for sigsetjmp
configure:8988: gcc -c -g -O2 -I$(srcdir)/libwc   conftest.c >&5
conftest.c: In function 'main':
conftest.c:122:34: warning: implicit declaration of function 'exit' [-Wimplicit-function-declaration]
  122 |    if (sigsetjmp(env, 1) != 0) { exit(0); } siglongjmp(env, 1);
      |                                  ^~~~
conftest.c:122:34: warning: incompatible implicit declaration of built-in function 'exit'
conftest.c:118:1: note: include '<stdlib.h>' or provide a declaration of 'exit'
  117 | #include <setjmp.h>
  118 | int
configure:8988: $? = 0
configure:8995: result: yes
configure:8997: checking return type of signal handlers
configure:9015: gcc -c -g -O2 -I$(srcdir)/libwc   conftest.c >&5
conftest.c: In function 'main':
conftest.c:124:10: error: void value not ignored as it ought to be
  124 | return *(signal (0, 0)) (0) == 1;
      |         ~^~~~~~~~~~~~~~~~~~
configure:9015: $? = 1
configure: failed program was:
| /* confdefs.h */
| #define PACKAGE_NAME "w3m"
| #define PACKAGE_TARNAME "w3m"
| #define PACKAGE_VERSION "0.5.3"
| #define PACKAGE_STRING "w3m 0.5.3"
| #define PACKAGE_BUGREPORT "satodai@w3m.jp"
| #define PACKAGE_URL ""
| #define PACKAGE "w3m"
| #define VERSION "0.5.3"
| #define W3M w3m
| #define W3M_TARGET 
| #define USE_M17N 1
| #define USE_UNICODE 1
| #define W3M_LANG EN
| #define WCTARGET "libwc/libwc.a"
| #define WCCFLAGS "-DUSE_UNICODE -I$(srcdir) -I$(srcdir)/.."
| #define DISPLAY_CHARSET WC_CES_UTF_8
| #define SYSTEM_CHARSET WC_CES_UTF_8
| #define DOCUMENT_CHARSET WC_CES_UTF_8
| #define ENABLE_NLS 1
| #define HAVE_GETTEXT 1
| #define HAVE_DCGETTEXT 1
| #define USE_COLOR 1
| #define USE_ANSI_COLOR 1
| #define USE_BG_COLOR 1
| #define INSTALL_W3MIMGDISPLAY $INSTALL_W3MIMGDISPLAY
| #define USE_IMAGE 1
| #define USE_W3MIMG_X11 1
| #define USE_GDKPIXBUF 1
| #define USE_GTK2 1
| #define USE_W3MIMG_FB 1
| #define USE_GDKPIXBUF 1
| #define USE_GTK2 1
| #define IMGTARGETS "$IMGTARGETS"
| #define IMGOBJS "$IMGOBJS"
| #define IMGX11CFLAGS "$IMGX11CFLAGS"
| #define IMGX11LDFLAGS "$IMGX11LDFLAGS"
| #define IMGFBCFLAGS "$IMGFBCFLAGS"
| #define IMGFBLDFLAGS "$IMGFBLDFLAGS"
| #define IMGLINK "$IMGLINK"
| #define IMGWINCFLAGS "$IMGWINCFLAGS"
| #define IMGWINLDFLAGS "$IMGWINLDFLAGS"
| #define USE_XFACE 1
| #define HELP_FILE "w3mhelp-w3m_en.html"
| #define KEYBIND w3m
| #define USE_MENU 1
| #define USE_MOUSE 1
| #define USE_HISTORY 1
| #define USE_ALARM 1
| #define USE_COOKIE 1
| #define USE_NNTP 1
| #define USE_DICT 1
| #define USE_HELP_CGI 1
| #define USE_EXTERNAL_URI_LOADER 1
| #define USE_W3MMAILER 1
| #define DEF_MIGEMO_COMMAND "migemo -t egrep /usr/local/share/migemo/migemo-dict"
| #define DEF_EDITOR "/usr/bin/vi"
| #define DEF_MAILER "/usr/bin/mail"
| #define DEF_EXT_BROWSER "/usr/bin/firefox"
| #define INET6 1
| #define USE_SSL 1
| #define USE_SSL_VERIFY 1
| #define USE_DIGEST_AUTH 1
| #define HAVE_LIBM 1
| #define USE_GPM 1
| #define STDC_HEADERS 1
| #define HAVE_SYS_TYPES_H 1
| #define HAVE_SYS_STAT_H 1
| #define HAVE_STDLIB_H 1
| #define HAVE_STRING_H 1
| #define HAVE_MEMORY_H 1
| #define HAVE_STRINGS_H 1
| #define HAVE_INTTYPES_H 1
| #define HAVE_STDINT_H 1
| #define HAVE_UNISTD_H 1
| #define HAVE_SOCKLEN_T 1
| #define AUXBIN_TARGETS "$AUXBIN_TARGETS"
| #define HAVE_DIRENT_H 1
| #define STDC_HEADERS 1
| #define HAVE_SYS_WAIT_H 1
| #define HAVE_TERMIOS_H 1
| #define HAVE_FLOAT_H 1
| #define HAVE_SYS_SELECT_H 1
| #define HAVE_LOCALE_H 1
| #define HAVE_STDINT_H 1
| #define HAVE_INTTYPES_H 1
| #define SIZEOF_LONG_LONG 8
| #define HAVE_STRCASECMP 1
| #define HAVE_STRCASESTR 1
| #define HAVE_STRCHR 1
| #define HAVE_MEMCPY 1
| #define HAVE_STRERROR 1
| #define HAVE_BCOPY 1
| #define HAVE_SETPGRP 1
| #define HAVE_CHDIR 1
| #define HAVE_MKDTEMP 1
| #define HAVE_GETCWD 1
| #define HAVE_GETWD 1
| #define HAVE_READLINK 1
| #define HAVE_SETENV 1
| #define HAVE_PUTENV 1
| #define HAVE_STRTOLL 1
| #define HAVE_ATOLL 1
| #define HAVE_SYMLINK 1
| #define HAVE_READLINK 1
| #define HAVE_LSTAT 1
| #define HAVE_SRAND48 1
| #define HAVE_SRANDOM 1
| #define HAVE_WAITPID 1
| #define HAVE_SETLOCALE 1
| #define HAVE_STRFTIME 1
| #define HAVE_WAIT3 1
| #define SETPGRP_VOID 1
| #define HAVE_LANGINFO_CODESET 1
| #define HAVE_SYS_ERRLIST 1
| #define HAVE_SIGSETJMP 1
| /* end confdefs.h.  */
| #include <sys/types.h>
| #include <signal.h>
| 
| int
| main ()
| {
| return *(signal (0, 0)) (0) == 1;
|   ;
|   return 0;
| }
configure:9022: result: void
configure:9157: creating ./config.status

## ---------------------- ##
## Running config.status. ##
## ---------------------- ##

This file was extended by w3m config.status 0.5.3, which was
generated by GNU Autoconf 2.67.  Invocation command line was

  CONFIG_FILES    = 
  CONFIG_HEADERS  = 
  CONFIG_LINKS    = 
  CONFIG_COMMANDS = 
  $ ./config.status 

on manjaro

config.status:1074: creating Makefile
config.status:1074: creating posubst
config.status:1074: creating po/Makefile.in
config.status:1074: creating scripts/Makefile
config.status:1074: creating scripts/dirlist.cgi
config.status:1074: creating scripts/w3mhelp.cgi
config.status:1074: creating scripts/w3mmail.cgi
config.status:1074: creating scripts/xface2xpm
config.status:1074: creating scripts/multipart/Makefile
config.status:1074: creating scripts/multipart/multipart.cgi
config.status:1074: creating scripts/w3mman/Makefile
config.status:1074: creating scripts/w3mman/w3mman
config.status:1074: creating scripts/w3mman/w3mman.1
config.status:1074: creating scripts/w3mman/w3mman.de.1
config.status:1074: creating scripts/w3mman/w3mman2html.cgi
config.status:1074: creating libwc/Makefile
config.status:1074: creating w3mimg/Makefile
config.status:1074: creating w3mimg/fb/Makefile
config.status:1074: creating w3mimg/x11/Makefile
config.status:1074: creating w3mimg/win/Makefile
config.status:1074: creating w3mhelp-w3m_en.html
config.status:1074: creating w3mhelp-w3m_ja.html
config.status:1074: creating w3mhelp-lynx_en.html
config.status:1074: creating w3mhelp-lynx_ja.html
config.status:1074: creating config.h
config.status:1268: executing po-directories commands

## ---------------- ##
## Cache variables. ##
## ---------------- ##

ac_cv_build=x86_64-pc-linux-gnu
ac_cv_c_compiler_gnu=yes
ac_cv_cxx_compiler_gnu=yes
ac_cv_env_CCC_set=
ac_cv_env_CCC_value=
ac_cv_env_CC_set=
ac_cv_env_CC_value=
ac_cv_env_CFLAGS_set=
ac_cv_env_CFLAGS_value=
ac_cv_env_CPPFLAGS_set=
ac_cv_env_CPPFLAGS_value=
ac_cv_env_CPP_set=
ac_cv_env_CPP_value=
ac_cv_env_CXXFLAGS_set=
ac_cv_env_CXXFLAGS_value=
ac_cv_env_CXX_set=
ac_cv_env_CXX_value=
ac_cv_env_LDFLAGS_set=
ac_cv_env_LDFLAGS_value=
ac_cv_env_LIBS_set=
ac_cv_env_LIBS_value=
ac_cv_env_PKG_CONFIG_LIBDIR_set=
ac_cv_env_PKG_CONFIG_LIBDIR_value=
ac_cv_env_PKG_CONFIG_PATH_set=
ac_cv_env_PKG_CONFIG_PATH_value=
ac_cv_env_PKG_CONFIG_set=
ac_cv_env_PKG_CONFIG_value=
ac_cv_env_SSL_CFLAGS_set=
ac_cv_env_SSL_CFLAGS_value=
ac_cv_env_SSL_LIBS_set=
ac_cv_env_SSL_LIBS_value=
ac_cv_env_build_alias_set=
ac_cv_env_build_alias_value=
ac_cv_env_host_alias_set=
ac_cv_env_host_alias_value=
ac_cv_env_target_alias_set=
ac_cv_env_target_alias_value=
ac_cv_func_atoll=yes
ac_cv_func_atoq=no
ac_cv_func_bcopy=yes
ac_cv_func_chdir=yes
ac_cv_func_getaddrinfo=yes
ac_cv_func_getcwd=yes
ac_cv_func_getpassphrase=no
ac_cv_func_getwd=yes
ac_cv_func_lstat=yes
ac_cv_func_memcpy=yes
ac_cv_func_mkdtemp=yes
ac_cv_func_putenv=yes
ac_cv_func_readlink=yes
ac_cv_func_setenv=yes
ac_cv_func_setlocale=yes
ac_cv_func_setpgrp=yes
ac_cv_func_setpgrp_void=yes
ac_cv_func_sqrt=no
ac_cv_func_srand48=yes
ac_cv_func_srandom=yes
ac_cv_func_strcasecmp=yes
ac_cv_func_strcasestr=yes
ac_cv_func_strchr=yes
ac_cv_func_strerror=yes
ac_cv_func_strftime=yes
ac_cv_func_stroq=no
ac_cv_func_strtoll=yes
ac_cv_func_symlink=yes
ac_cv_func_wait3_rusage=yes
ac_cv_func_waitpid=yes
ac_cv_header_dirent_dirent_h=yes
ac_cv_header_float_h=yes
ac_cv_header_gc_h=yes
ac_cv_header_inttypes_h=yes
ac_cv_header_locale_h=yes
ac_cv_header_memory_h=yes
ac_cv_header_stdc=yes
ac_cv_header_stdint_h=yes
ac_cv_header_stdlib_h=yes
ac_cv_header_string_h=yes
ac_cv_header_strings_h=yes
ac_cv_header_sys_select_h=yes
ac_cv_header_sys_stat_h=yes
ac_cv_header_sys_types_h=yes
ac_cv_header_sys_wait_h=yes
ac_cv_header_termios_h=yes
ac_cv_header_unistd_h=yes
ac_cv_host=x86_64-pc-linux-gnu
ac_cv_lib_gc_GC_init=yes
ac_cv_lib_gpm_Gpm_Open=yes
ac_cv_lib_m_sqrt=yes
ac_cv_lib_mytinfo___tgetent=no
ac_cv_lib_ssl_SSL_new=yes
ac_cv_lib_termcap___tgetent=no
ac_cv_lib_terminfo___tgetent=no
ac_cv_lib_termlib___tgetent=no
ac_cv_lib_tinfo___tgetent=yes
ac_cv_lib_z_zError=yes
ac_cv_objext=o
ac_cv_path_EGREP='/usr/bin/grep -E'
ac_cv_path_GMSGFMT=/usr/bin/msgfmt
ac_cv_path_GREP=/usr/bin/grep
ac_cv_path_MAN=/usr/bin/man
ac_cv_path_MSGFMT=/usr/bin/msgfmt
ac_cv_path_MSGMERGE=/usr/bin/msgmerge
ac_cv_path_PERL=/usr/bin/perl
ac_cv_path_XGETTEXT=/usr/bin/xgettext
ac_cv_path_ac_pt_PKG_CONFIG=/usr/bin/pkg-config
ac_cv_path_install='/usr/bin/install -c'
ac_cv_path_mkdir=/usr/bin/mkdir
ac_cv_prog_AWK=gawk
ac_cv_prog_CPP='gcc -E'
ac_cv_prog_ac_ct_CC=gcc
ac_cv_prog_ac_ct_CXX=g++
ac_cv_prog_ac_ct_RANLIB=ranlib
ac_cv_prog_cc_c89=
ac_cv_prog_cc_g=yes
ac_cv_prog_cxx_g=yes
ac_cv_prog_make_make_set=yes
ac_cv_prog_uncompface=no
ac_cv_search_opendir='none required'
ac_cv_sizeof_long_long=8
ac_cv_type_signal=void
ac_cv_type_socklen_t=yes
acl_cv_hardcode_direct=no
acl_cv_hardcode_libdir_flag_spec='${wl}-rpath ${wl}$libdir'
acl_cv_hardcode_libdir_separator=
acl_cv_hardcode_minus_L=no
acl_cv_libext=a
acl_cv_libname_spec='lib$name'
acl_cv_library_names_spec='$libname$shrext'
acl_cv_path_LD=/usr/bin/ld
acl_cv_prog_gnu_ld=yes
acl_cv_rpath=done
acl_cv_shlibext=so
acl_cv_wl=-Wl,
am_cv_langinfo_codeset=yes
gt_cv_func_CFLocaleCopyCurrent=no
gt_cv_func_CFPreferencesCopyAppValue=no
gt_cv_func_gnugettext1_libc=yes
pkg_cv_SSL_CFLAGS=
pkg_cv_SSL_LIBS='-lssl -lcrypto '

## ----------------- ##
## Output variables. ##
## ----------------- ##

AUXBIN_TARGETS=' w3mimgdisplay$(EXT) inflate$(EXT)'
AWK='gawk'
CC='gcc'
CFLAGS='-g -O2 -I$(srcdir)/libwc '
CPP='gcc -E'
CPPFLAGS=''
CURRENT_VERSION='0.5.3+git20191110'
CXX='g++'
CXXFLAGS='-g -O2'
DEFS='-DHAVE_CONFIG_H'
DEF_EDITOR=''
DEF_EXT_BROWSER=''
DEF_MAILER=''
DEF_MIGEMO_COMMAND=''
DISPLAY_CHARSET=''
DOCDIRS='doc:en_English doc-jp:ja_Japanese doc-de:de_German'
DOCUMENT_CHARSET=''
ECHO_C=''
ECHO_N='-n'
ECHO_T=''
EGREP='/usr/bin/grep -E'
EXEEXT=''
GETTEXT_MACRO_VERSION='0.18'
GMSGFMT='/usr/bin/msgfmt'
GMSGFMT_015='/usr/bin/msgfmt'
GREP='/usr/bin/grep'
HAVE_OLD_SS_FAMILY=''
HAVE_SIGSETJMP=''
HAVE_SYS_ERRLIST=''
HELP_DIR='${datarootdir}/w3m'
HELP_FILE='w3mhelp-w3m_en.html'
IMGFBCFLAGS='-I/usr/include/gdk-pixbuf-2.0 -I/usr/include/glib-2.0 -I/usr/lib/glib-2.0/include -I/usr/lib/libffi-3.2.1/include -pthread -I/usr/include/libmount -I/usr/include/blkid '
IMGFBLDFLAGS='-lgdk_pixbuf-2.0 -lgobject-2.0 -lglib-2.0 '
IMGLINK='$(CC)'
IMGOBJS='w3mimg.o x11/x11_w3mimg.o fb/fb_w3mimg.o fb/fb.o fb/fb_img.o'
IMGTARGETS='x11 fb'
IMGWINCFLAGS=''
IMGWINLDFLAGS=''
IMGX11CFLAGS='-I/usr/include/gdk-pixbuf-2.0 -I/usr/include/glib-2.0 -I/usr/lib/glib-2.0/include -I/usr/lib/libffi-3.2.1/include -I/usr/include/libmount -I/usr/include/blkid -pthread '
IMGX11LDFLAGS='-lX11 -lgdk_pixbuf_xlib-2.0 -lgdk_pixbuf-2.0 -lgobject-2.0 -lglib-2.0 '
INET6=''
INSTALL_DATA='${INSTALL} -m 644'
INSTALL_PROGRAM='${INSTALL}'
INSTALL_SCRIPT='${INSTALL}'
INSTALL_W3MIMGDISPLAY='${INSTALL_PROGRAM}'
INTLLIBS=''
INTLTARGET=''
INTL_MACOSX_LIBS=''
KEYBIND=''
KEYMAP_FILE='keybind'
LDFLAGS=''
LIBGC='-lgc'
LIBICONV='-liconv'
LIBINTL=''
LIBOBJS=''
LIBS='-lm  -lbsd -lnsl -ldl'
LN_S='ln -s'
LTLIBICONV='-liconv'
LTLIBINTL=''
LTLIBOBJS=''
MAN='/usr/bin/man'
MKDIR_P='/usr/bin/mkdir -p'
MSGFMT='/usr/bin/msgfmt'
MSGFMT_015='/usr/bin/msgfmt'
MSGMERGE='/usr/bin/msgmerge'
NKF='/usr/local/bin/nkf'
NLSTARGET='po'
OBJEXT='o'
PACKAGE='w3m'
PACKAGE_BUGREPORT='satodai@w3m.jp'
PACKAGE_NAME='w3m'
PACKAGE_STRING='w3m 0.5.3'
PACKAGE_TARNAME='w3m'
PACKAGE_URL=''
PACKAGE_VERSION='0.5.3'
PATH_SEPARATOR=':'
PERL='/usr/bin/perl'
PKG_CONFIG='/usr/bin/pkg-config'
PKG_CONFIG_LIBDIR=''
PKG_CONFIG_PATH=''
POLANG=''
POSUB='po'
POSUBST=''
RANLIB='ranlib'
RC_DIR='~/.w3m'
RETSIGTYPE=''
SET_MAKE=''
SHELL='/bin/sh'
SIGNAL_RETURN=''
SSL_CFLAGS=''
SSL_LIBS='-lssl -lcrypto '
SYSTEM_CHARSET=''
USE_ALARM=''
USE_ANSI_COLOR=''
USE_BG_COLOR=''
USE_BINMODE_STREAM=''
USE_COLOR=''
USE_COOKIE=''
USE_DICT=''
USE_DIGEST_AUTH=''
USE_EXTERNAL_URI_LOADER=''
USE_GDKPIXBUF=''
USE_GOPHER=''
USE_GTK2=''
USE_HELP_CGI=''
USE_HISTORY=''
USE_IMAGE=''
USE_IMLIB2=''
USE_IMLIB=''
USE_M17N=''
USE_MENU=''
USE_MIGEMO=''
USE_MOUSE=''
USE_NLS='yes'
USE_NNTP=''
USE_SSL=''
USE_SSL_VERIFY=''
USE_SYSMOUSE=''
USE_UNICODE=''
USE_W3M=''
USE_W3MIMG_FB=''
USE_W3MIMG_WIN=''
USE_W3MIMG_X11=''
USE_W3MMAILER=''
USE_XFACE=''
VERSION='0.5.3'
W3M='w3m'
W3MIMGDISPLAY_SETUID=''
W3M_LANG='EN'
W3M_LIBS=' -L./libwc -lwc -lssl -lcrypto  -lssl -lcrypto -lgpm -ltinfo'
W3M_TARGET=''
WCCFLAGS='-DUSE_UNICODE -I$(srcdir) -I$(srcdir)/..'
WCTARGET='libwc/libwc.a'
XGETTEXT='/usr/bin/xgettext'
XGETTEXT_015='/usr/bin/xgettext'
XGETTEXT_EXTRA_OPTIONS=''
ac_ct_CC='gcc'
ac_ct_CXX='g++'
bindir='${exec_prefix}/bin'
build='x86_64-pc-linux-gnu'
build_alias=''
build_cpu='x86_64'
build_os='linux-gnu'
build_vendor='pc'
datadir='${datarootdir}'
datarootdir='${prefix}/share'
docdir='${datarootdir}/doc/${PACKAGE_TARNAME}'
dvidir='${docdir}'
exec_prefix='${prefix}'
host='x86_64-pc-linux-gnu'
host_alias=''
host_cpu='x86_64'
host_os='linux-gnu'
host_vendor='pc'
htmldir='${docdir}'
includedir='${prefix}/include'
infodir='${datarootdir}/info'
libdir='${exec_prefix}/lib'
libexecdir='${exec_prefix}/libexec'
localedir='${datarootdir}/locale'
localstatedir='${prefix}/var'
mandir='${datarootdir}/man'
mkdir_p='/usr/bin/mkdir -p'
oldincludedir='/usr/include'
pdfdir='${docdir}'
prefix='/usr/local'
program_transform_name='s,x,x,'
psdir='${docdir}'
sbindir='${exec_prefix}/sbin'
sharedstatedir='${prefix}/com'
sysconfdir='${prefix}/etc'
target_alias=''
uncompface='no'

## ----------- ##
## confdefs.h. ##
## ----------- ##

/* confdefs.h */
#define PACKAGE_NAME "w3m"
#define PACKAGE_TARNAME "w3m"
#define PACKAGE_VERSION "0.5.3"
#define PACKAGE_STRING "w3m 0.5.3"
#define PACKAGE_BUGREPORT "satodai@w3m.jp"
#define PACKAGE_URL ""
#define PACKAGE "w3m"
#define VERSION "0.5.3"
#define W3M w3m
#define W3M_TARGET 
#define USE_M17N 1
#define USE_UNICODE 1
#define W3M_LANG EN
#define WCTARGET "libwc/libwc.a"
#define WCCFLAGS "-DUSE_UNICODE -I$(srcdir) -I$(srcdir)/.."
#define DISPLAY_CHARSET WC_CES_UTF_8
#define SYSTEM_CHARSET WC_CES_UTF_8
#define DOCUMENT_CHARSET WC_CES_UTF_8
#define ENABLE_NLS 1
#define HAVE_GETTEXT 1
#define HAVE_DCGETTEXT 1
#define USE_COLOR 1
#define USE_ANSI_COLOR 1
#define USE_BG_COLOR 1
#define INSTALL_W3MIMGDISPLAY $INSTALL_W3MIMGDISPLAY
#define USE_IMAGE 1
#define USE_W3MIMG_X11 1
#define USE_GDKPIXBUF 1
#define USE_GTK2 1
#define USE_W3MIMG_FB 1
#define USE_GDKPIXBUF 1
#define USE_GTK2 1
#define IMGTARGETS "$IMGTARGETS"
#define IMGOBJS "$IMGOBJS"
#define IMGX11CFLAGS "$IMGX11CFLAGS"
#define IMGX11LDFLAGS "$IMGX11LDFLAGS"
#define IMGFBCFLAGS "$IMGFBCFLAGS"
#define IMGFBLDFLAGS "$IMGFBLDFLAGS"
#define IMGLINK "$IMGLINK"
#define IMGWINCFLAGS "$IMGWINCFLAGS"
#define IMGWINLDFLAGS "$IMGWINLDFLAGS"
#define USE_XFACE 1
#define HELP_FILE "w3mhelp-w3m_en.html"
#define KEYBIND w3m
#define USE_MENU 1
#define USE_MOUSE 1
#define USE_HISTORY 1
#define USE_ALARM 1
#define USE_COOKIE 1
#define USE_NNTP 1
#define USE_DICT 1
#define USE_HELP_CGI 1
#define USE_EXTERNAL_URI_LOADER 1
#define USE_W3MMAILER 1
#define DEF_MIGEMO_COMMAND "migemo -t egrep /usr/local/share/migemo/migemo-dict"
#define DEF_EDITOR "/usr/bin/vi"
#define DEF_MAILER "/usr/bin/mail"
#define DEF_EXT_BROWSER "/usr/bin/firefox"
#define INET6 1
#define USE_SSL 1
#define USE_SSL_VERIFY 1
#define USE_DIGEST_AUTH 1
#define HAVE_LIBM 1
#define USE_GPM 1
#define STDC_HEADERS 1
#define HAVE_SYS_TYPES_H 1
#define HAVE_SYS_STAT_H 1
#define HAVE_STDLIB_H 1
#define HAVE_STRING_H 1
#define HAVE_MEMORY_H 1
#define HAVE_STRINGS_H 1
#define HAVE_INTTYPES_H 1
#define HAVE_STDINT_H 1
#define HAVE_UNISTD_H 1
#define HAVE_SOCKLEN_T 1
#define AUXBIN_TARGETS "$AUXBIN_TARGETS"
#define HAVE_DIRENT_H 1
#define STDC_HEADERS 1
#define HAVE_SYS_WAIT_H 1
#define HAVE_TERMIOS_H 1
#define HAVE_FLOAT_H 1
#define HAVE_SYS_SELECT_H 1
#define HAVE_LOCALE_H 1
#define HAVE_STDINT_H 1
#define HAVE_INTTYPES_H 1
#define SIZEOF_LONG_LONG 8
#define HAVE_STRCASECMP 1
#define HAVE_STRCASESTR 1
#define HAVE_STRCHR 1
#define HAVE_MEMCPY 1
#define HAVE_STRERROR 1
#define HAVE_BCOPY 1
#define HAVE_SETPGRP 1
#define HAVE_CHDIR 1
#define HAVE_MKDTEMP 1
#define HAVE_GETCWD 1
#define HAVE_GETWD 1
#define HAVE_READLINK 1
#define HAVE_SETENV 1
#define HAVE_PUTENV 1
#define HAVE_STRTOLL 1
#define HAVE_ATOLL 1
#define HAVE_SYMLINK 1
#define HAVE_READLINK 1
#define HAVE_LSTAT 1
#define HAVE_SRAND48 1
#define HAVE_SRANDOM 1
#define HAVE_WAITPID 1
#define HAVE_SETLOCALE 1
#define HAVE_STRFTIME 1
#define HAVE_WAIT3 1
#define SETPGRP_VOID 1
#define HAVE_LANGINFO_CODESET 1
#define HAVE_SYS_ERRLIST 1
#define HAVE_SIGSETJMP 1
#define RETSIGTYPE void
#define SIGNAL_RETURN return
#define HELP_DIR "$HELP_DIR"
#define RC_DIR "$RC_DIR"
#define DOCDIRS "doc:en_English doc-jp:ja_Japanese doc-de:de_German"

configure: exit 0

## ---------------------- ##
## Running config.status. ##
## ---------------------- ##

This file was extended by w3m config.status 0.5.3, which was
generated by GNU Autoconf 2.67.  Invocation command line was

  CONFIG_FILES    = 
  CONFIG_HEADERS  = 
  CONFIG_LINKS    = 
  CONFIG_COMMANDS = 
  $ ./config.status po/Makefile.in po-directories

on manjaro

config.status:1074: creating po/Makefile.in
config.status:1268: executing po-directories commands
